 14:58:03,387 [main] DEBUG  org.apache.poi.openxml4j.opc.PackageRelationshipCollection Parsing relationship: /xl/_rels/workbook.xml.rels
 14:58:03,404 [main] DEBUG  org.apache.poi.openxml4j.opc.PackageRelationshipCollection Parsing relationship: /xl/worksheets/_rels/sheet1.xml.rels
 14:58:03,407 [main] DEBUG  org.apache.poi.openxml4j.opc.PackageRelationshipCollection Parsing relationship: /_rels/.rels
 14:58:03,469 [main] DEBUG  org.apache.poi.openxml4j.opc.PackageRelationshipCollection Parsing relationship: /xl/_rels/workbook.xml.rels
 14:58:03,472 [main] DEBUG  org.apache.poi.openxml4j.opc.PackageRelationshipCollection Parsing relationship: /xl/worksheets/_rels/sheet1.xml.rels
 14:58:03,474 [main] DEBUG  org.apache.poi.openxml4j.opc.PackageRelationshipCollection Parsing relationship: /_rels/.rels
 14:58:03,520 [main] DEBUG  org.apache.poi.openxml4j.opc.PackageRelationshipCollection Parsing relationship: /xl/_rels/workbook.xml.rels
 14:58:03,522 [main] DEBUG  org.apache.poi.openxml4j.opc.PackageRelationshipCollection Parsing relationship: /xl/worksheets/_rels/sheet1.xml.rels
 14:58:03,524 [main] DEBUG  org.apache.poi.openxml4j.opc.PackageRelationshipCollection Parsing relationship: /_rels/.rels
 14:58:03,571 [main] DEBUG  org.apache.poi.openxml4j.opc.PackageRelationshipCollection Parsing relationship: /xl/_rels/workbook.xml.rels
 14:58:03,573 [main] DEBUG  org.apache.poi.openxml4j.opc.PackageRelationshipCollection Parsing relationship: /xl/worksheets/_rels/sheet1.xml.rels
 14:58:03,575 [main] DEBUG  org.apache.poi.openxml4j.opc.PackageRelationshipCollection Parsing relationship: /_rels/.rels
 14:58:03,626 [main] DEBUG  org.apache.poi.openxml4j.opc.PackageRelationshipCollection Parsing relationship: /xl/_rels/workbook.xml.rels
 14:58:03,628 [main] DEBUG  org.apache.poi.openxml4j.opc.PackageRelationshipCollection Parsing relationship: /xl/worksheets/_rels/sheet1.xml.rels
 14:58:03,629 [main] DEBUG  org.apache.poi.openxml4j.opc.PackageRelationshipCollection Parsing relationship: /_rels/.rels
 14:58:03,673 [main] DEBUG  org.apache.poi.openxml4j.opc.PackageRelationshipCollection Parsing relationship: /xl/_rels/workbook.xml.rels
 14:58:03,675 [main] DEBUG  org.apache.poi.openxml4j.opc.PackageRelationshipCollection Parsing relationship: /xl/worksheets/_rels/sheet1.xml.rels
 14:58:03,677 [main] DEBUG  org.apache.poi.openxml4j.opc.PackageRelationshipCollection Parsing relationship: /_rels/.rels
 14:58:03,724 [main] DEBUG  org.apache.poi.openxml4j.opc.PackageRelationshipCollection Parsing relationship: /xl/_rels/workbook.xml.rels
 14:58:03,726 [main] DEBUG  org.apache.poi.openxml4j.opc.PackageRelationshipCollection Parsing relationship: /xl/worksheets/_rels/sheet1.xml.rels
 14:58:03,728 [main] DEBUG  org.apache.poi.openxml4j.opc.PackageRelationshipCollection Parsing relationship: /_rels/.rels
 14:58:03,804 [main] DEBUG  org.apache.poi.openxml4j.opc.PackageRelationshipCollection Parsing relationship: /xl/_rels/workbook.xml.rels
 14:58:03,806 [main] DEBUG  org.apache.poi.openxml4j.opc.PackageRelationshipCollection Parsing relationship: /xl/worksheets/_rels/sheet1.xml.rels
 14:58:03,808 [main] DEBUG  org.apache.poi.openxml4j.opc.PackageRelationshipCollection Parsing relationship: /_rels/.rels
 14:58:03,852 [main] DEBUG  org.apache.poi.openxml4j.opc.PackageRelationshipCollection Parsing relationship: /xl/_rels/workbook.xml.rels
 14:58:03,854 [main] DEBUG  org.apache.poi.openxml4j.opc.PackageRelationshipCollection Parsing relationship: /xl/worksheets/_rels/sheet1.xml.rels
 14:58:03,856 [main] DEBUG  org.apache.poi.openxml4j.opc.PackageRelationshipCollection Parsing relationship: /_rels/.rels
 14:58:03,902 [main] DEBUG  org.apache.poi.openxml4j.opc.PackageRelationshipCollection Parsing relationship: /xl/_rels/workbook.xml.rels
 14:58:03,905 [main] DEBUG  org.apache.poi.openxml4j.opc.PackageRelationshipCollection Parsing relationship: /xl/worksheets/_rels/sheet1.xml.rels
 14:58:03,906 [main] DEBUG  org.apache.poi.openxml4j.opc.PackageRelationshipCollection Parsing relationship: /_rels/.rels
 14:58:03,966 [main] DEBUG  org.apache.poi.openxml4j.opc.PackageRelationshipCollection Parsing relationship: /xl/_rels/workbook.xml.rels
 14:58:03,968 [main] DEBUG  org.apache.poi.openxml4j.opc.PackageRelationshipCollection Parsing relationship: /xl/worksheets/_rels/sheet1.xml.rels
 14:58:03,970 [main] DEBUG  org.apache.poi.openxml4j.opc.PackageRelationshipCollection Parsing relationship: /_rels/.rels
 14:58:04,006 [main] DEBUG  org.apache.poi.openxml4j.opc.PackageRelationshipCollection Parsing relationship: /xl/_rels/workbook.xml.rels
 14:58:04,008 [main] DEBUG  org.apache.poi.openxml4j.opc.PackageRelationshipCollection Parsing relationship: /xl/worksheets/_rels/sheet1.xml.rels
 14:58:04,010 [main] DEBUG  org.apache.poi.openxml4j.opc.PackageRelationshipCollection Parsing relationship: /_rels/.rels
 14:58:04,053 [main] DEBUG  org.apache.poi.openxml4j.opc.PackageRelationshipCollection Parsing relationship: /xl/_rels/workbook.xml.rels
 14:58:04,055 [main] DEBUG  org.apache.poi.openxml4j.opc.PackageRelationshipCollection Parsing relationship: /xl/worksheets/_rels/sheet1.xml.rels
 14:58:04,057 [main] DEBUG  org.apache.poi.openxml4j.opc.PackageRelationshipCollection Parsing relationship: /_rels/.rels
 14:58:04,096 [main] DEBUG  org.apache.poi.openxml4j.opc.PackageRelationshipCollection Parsing relationship: /xl/_rels/workbook.xml.rels
 14:58:04,099 [main] DEBUG  org.apache.poi.openxml4j.opc.PackageRelationshipCollection Parsing relationship: /xl/worksheets/_rels/sheet1.xml.rels
 14:58:04,101 [main] DEBUG  org.apache.poi.openxml4j.opc.PackageRelationshipCollection Parsing relationship: /_rels/.rels
 14:58:04,141 [main] DEBUG  org.apache.poi.openxml4j.opc.PackageRelationshipCollection Parsing relationship: /xl/_rels/workbook.xml.rels
 14:58:04,142 [main] DEBUG  org.apache.poi.openxml4j.opc.PackageRelationshipCollection Parsing relationship: /xl/worksheets/_rels/sheet1.xml.rels
 14:58:04,144 [main] DEBUG  org.apache.poi.openxml4j.opc.PackageRelationshipCollection Parsing relationship: /_rels/.rels
 14:58:04,183 [main] DEBUG  org.apache.poi.openxml4j.opc.PackageRelationshipCollection Parsing relationship: /xl/_rels/workbook.xml.rels
 14:58:04,184 [main] DEBUG  org.apache.poi.openxml4j.opc.PackageRelationshipCollection Parsing relationship: /xl/worksheets/_rels/sheet1.xml.rels
 14:58:04,185 [main] DEBUG  org.apache.poi.openxml4j.opc.PackageRelationshipCollection Parsing relationship: /_rels/.rels
 14:58:04,224 [main] DEBUG  org.apache.poi.openxml4j.opc.PackageRelationshipCollection Parsing relationship: /xl/_rels/workbook.xml.rels
 14:58:04,226 [main] DEBUG  org.apache.poi.openxml4j.opc.PackageRelationshipCollection Parsing relationship: /xl/worksheets/_rels/sheet1.xml.rels
 14:58:04,228 [main] DEBUG  org.apache.poi.openxml4j.opc.PackageRelationshipCollection Parsing relationship: /_rels/.rels
 14:58:04,267 [main] DEBUG  org.apache.poi.openxml4j.opc.PackageRelationshipCollection Parsing relationship: /xl/_rels/workbook.xml.rels
 14:58:04,268 [main] DEBUG  org.apache.poi.openxml4j.opc.PackageRelationshipCollection Parsing relationship: /xl/worksheets/_rels/sheet1.xml.rels
 14:58:04,270 [main] DEBUG  org.apache.poi.openxml4j.opc.PackageRelationshipCollection Parsing relationship: /_rels/.rels
 14:58:04,305 [main] DEBUG  org.apache.poi.openxml4j.opc.PackageRelationshipCollection Parsing relationship: /xl/_rels/workbook.xml.rels
 14:58:04,309 [main] DEBUG  org.apache.poi.openxml4j.opc.PackageRelationshipCollection Parsing relationship: /xl/worksheets/_rels/sheet1.xml.rels
 14:58:04,310 [main] DEBUG  org.apache.poi.openxml4j.opc.PackageRelationshipCollection Parsing relationship: /_rels/.rels
 14:58:04,787 [main] INFO   org.testng.internal.Utils [TestNG] Time taken by org.testng.reporters.jq.Main@2b97cc1f: 289 ms
 14:58:04,791 [main] INFO   org.testng.internal.Utils [TestNG] Time taken by org.testng.reporters.FailedReporter@60723d6a: 3 ms
 14:58:04,810 [main] INFO   org.testng.internal.Utils [TestNG] Time taken by org.testng.reporters.XMLReporter@aced190: 19 ms
 14:58:04,823 [main] INFO   org.testng.internal.Utils [TestNG] Time taken by org.testng.reporters.EmailableReporter2@1280851e: 13 ms
 14:58:04,841 [main] INFO   org.testng.internal.Utils [TestNG] Time taken by org.testng.reporters.JUnitReportReporter@749f539e: 17 ms
 14:58:04,841 [main] INFO   org.testng.internal.Utils [TestNG] Time taken by org.testng.internal.ExitCodeListener@5ca1f591: 0 ms
 14:58:49,611 [main] DEBUG  org.testng.TestNG suiteXmlPath: "C:\Users\hp\AppData\Local\Temp\testng-eclipse-1942779075\testng-customsuite.xml"
 14:58:50,106 [main] INFO   org.testng.internal.Utils [Utils] MethodGroupsHelper.collectMethodsByGroup() took 1 ms.
 14:58:50,112 [main] INFO   org.testng.internal.Utils [Utils] MethodGroupsHelper.sortMethods() took 2 ms.
 14:58:50,115 [main] INFO   org.testng.internal.Utils [Utils] MethodGroupsHelper.collectMethodsByGroup() took 0 ms.
 14:58:50,116 [main] INFO   org.testng.internal.Utils [Utils] MethodGroupsHelper.sortMethods() took 0 ms.
 14:58:50,116 [main] INFO   org.testng.internal.Utils [Utils] MethodGroupsHelper.collectMethodsByGroup() took 0 ms.
 14:58:50,116 [main] INFO   org.testng.internal.Utils [Utils] MethodGroupsHelper.sortMethods() took 0 ms.
 14:58:50,117 [main] INFO   org.testng.internal.Utils [Utils] MethodGroupsHelper.collectMethodsByGroup() took 0 ms.
 14:58:50,117 [main] INFO   org.testng.internal.Utils [Utils] MethodGroupsHelper.sortMethods() took 0 ms.
 14:58:50,118 [main] INFO   org.testng.internal.Utils [Utils] MethodGroupsHelper.collectMethodsByGroup() took 0 ms.
 14:58:50,118 [main] INFO   org.testng.internal.Utils [Utils] MethodGroupsHelper.sortMethods() took 0 ms.
 14:58:50,119 [main] INFO   org.testng.internal.Utils [Utils] MethodGroupsHelper.collectMethodsByGroup() took 0 ms.
 14:58:50,120 [main] INFO   org.testng.internal.Utils [Utils] MethodGroupsHelper.sortMethods() took 0 ms.
 14:58:50,120 [main] INFO   org.testng.internal.Utils [Utils] MethodGroupsHelper.collectMethodsByGroup() took 0 ms.
 14:58:50,121 [main] INFO   org.testng.internal.Utils [Utils] MethodGroupsHelper.sortMethods() took 0 ms.
 14:58:50,121 [main] INFO   org.testng.internal.Utils [Utils] MethodGroupsHelper.collectMethodsByGroup() took 0 ms.
 14:58:50,122 [main] INFO   org.testng.internal.Utils [Utils] MethodGroupsHelper.sortMethods() took 0 ms.
 14:58:50,128 [main] INFO   org.testng.internal.Utils [Utils] MethodGroupsHelper.collectMethodsByGroup() took 0 ms.
 14:58:50,128 [main] INFO   org.testng.internal.Utils [Utils] MethodGroupsHelper.sortMethods() took 0 ms.
 14:58:50,129 [main] INFO   org.testng.internal.Utils [Utils] MethodGroupsHelper.collectMethodsByGroup() took 0 ms.
 14:58:50,129 [main] INFO   org.testng.internal.Utils [Utils] MethodGroupsHelper.sortMethods() took 0 ms.
 14:58:50,136 [main] INFO   org.testng.internal.Utils [Utils] MethodGroupsHelper.collectMethodsByGroup() took 0 ms.
 14:58:50,136 [main] INFO   org.testng.internal.Utils [Utils] MethodGroupsHelper.sortMethods() took 0 ms.
 14:58:50,136 [main] INFO   org.testng.internal.Utils [Utils] MethodGroupsHelper.collectMethodsByGroup() took 0 ms.
 14:58:50,137 [main] INFO   org.testng.internal.Utils [Utils] MethodGroupsHelper.sortMethods() took 0 ms.
 14:58:50,151 [main] INFO   org.testng.internal.Utils [Utils] MethodGroupsHelper.collectMethodsByGroup() took 13 ms.
 14:58:50,162 [main] INFO   org.testng.internal.Utils [Utils] MethodGroupsHelper.sortMethods() took 10 ms.
 14:58:50,165 [main] INFO   org.testng.internal.Utils [Utils] MethodGroupsHelper.collectMethodsByGroup() took 0 ms.
 14:58:50,165 [main] INFO   org.testng.internal.Utils [Utils] MethodGroupsHelper.sortMethods() took 0 ms.
 14:58:50,165 [main] INFO   org.testng.internal.Utils [Utils] MethodGroupsHelper.collectMethodsByGroup() took 0 ms.
 14:58:50,165 [main] INFO   org.testng.internal.Utils [Utils] MethodGroupsHelper.sortMethods() took 0 ms.
 14:58:50,186 [main] INFO   org.testng.internal.Utils [TestNG] Running:
  C:\Users\hp\AppData\Local\Temp\testng-eclipse-1942779075\testng-customsuite.xml

 14:58:50,232 [main] INFO   org.testng.internal.Utils [Utils] DynamicGraphHelper.createDynamicGraph() took 8 ms.
 14:58:50,628 [main] DEBUG  org.apache.poi.openxml4j.opc.PackageRelationshipCollection Parsing relationship: /xl/_rels/workbook.xml.rels
 14:58:50,637 [main] DEBUG  org.apache.poi.openxml4j.opc.PackageRelationshipCollection Parsing relationship: /xl/worksheets/_rels/sheet1.xml.rels
 14:58:50,642 [main] DEBUG  org.apache.poi.openxml4j.opc.PackageRelationshipCollection Parsing relationship: /_rels/.rels
 14:58:51,845 [main] DEBUG  org.apache.poi.openxml4j.opc.PackageRelationshipCollection Parsing relationship: /xl/_rels/workbook.xml.rels
 14:58:51,848 [main] DEBUG  org.apache.poi.openxml4j.opc.PackageRelationshipCollection Parsing relationship: /xl/worksheets/_rels/sheet1.xml.rels
 14:58:51,851 [main] DEBUG  org.apache.poi.openxml4j.opc.PackageRelationshipCollection Parsing relationship: /_rels/.rels
 14:58:51,920 [main] DEBUG  org.apache.poi.openxml4j.opc.PackageRelationshipCollection Parsing relationship: /xl/_rels/workbook.xml.rels
 14:58:51,923 [main] DEBUG  org.apache.poi.openxml4j.opc.PackageRelationshipCollection Parsing relationship: /xl/worksheets/_rels/sheet1.xml.rels
 14:58:51,926 [main] DEBUG  org.apache.poi.openxml4j.opc.PackageRelationshipCollection Parsing relationship: /_rels/.rels
 14:58:52,016 [main] DEBUG  org.apache.poi.openxml4j.opc.PackageRelationshipCollection Parsing relationship: /xl/_rels/workbook.xml.rels
 14:58:52,020 [main] DEBUG  org.apache.poi.openxml4j.opc.PackageRelationshipCollection Parsing relationship: /xl/worksheets/_rels/sheet1.xml.rels
 14:58:52,023 [main] DEBUG  org.apache.poi.openxml4j.opc.PackageRelationshipCollection Parsing relationship: /_rels/.rels
 14:58:52,110 [main] DEBUG  org.apache.poi.openxml4j.opc.PackageRelationshipCollection Parsing relationship: /xl/_rels/workbook.xml.rels
 14:58:52,112 [main] DEBUG  org.apache.poi.openxml4j.opc.PackageRelationshipCollection Parsing relationship: /xl/worksheets/_rels/sheet1.xml.rels
 14:58:52,115 [main] DEBUG  org.apache.poi.openxml4j.opc.PackageRelationshipCollection Parsing relationship: /_rels/.rels
 14:58:52,178 [main] DEBUG  org.apache.poi.openxml4j.opc.PackageRelationshipCollection Parsing relationship: /xl/_rels/workbook.xml.rels
 14:58:52,180 [main] DEBUG  org.apache.poi.openxml4j.opc.PackageRelationshipCollection Parsing relationship: /xl/worksheets/_rels/sheet1.xml.rels
 14:58:52,183 [main] DEBUG  org.apache.poi.openxml4j.opc.PackageRelationshipCollection Parsing relationship: /_rels/.rels
 14:58:52,243 [main] DEBUG  org.apache.poi.openxml4j.opc.PackageRelationshipCollection Parsing relationship: /xl/_rels/workbook.xml.rels
 14:58:52,246 [main] DEBUG  org.apache.poi.openxml4j.opc.PackageRelationshipCollection Parsing relationship: /xl/worksheets/_rels/sheet1.xml.rels
 14:58:52,248 [main] DEBUG  org.apache.poi.openxml4j.opc.PackageRelationshipCollection Parsing relationship: /_rels/.rels
 14:58:52,303 [main] DEBUG  org.apache.poi.openxml4j.opc.PackageRelationshipCollection Parsing relationship: /xl/_rels/workbook.xml.rels
 14:58:52,305 [main] DEBUG  org.apache.poi.openxml4j.opc.PackageRelationshipCollection Parsing relationship: /xl/worksheets/_rels/sheet1.xml.rels
 14:58:52,308 [main] DEBUG  org.apache.poi.openxml4j.opc.PackageRelationshipCollection Parsing relationship: /_rels/.rels
 14:58:52,359 [main] DEBUG  org.apache.poi.openxml4j.opc.PackageRelationshipCollection Parsing relationship: /xl/_rels/workbook.xml.rels
 14:58:52,361 [main] DEBUG  org.apache.poi.openxml4j.opc.PackageRelationshipCollection Parsing relationship: /xl/worksheets/_rels/sheet1.xml.rels
 14:58:52,363 [main] DEBUG  org.apache.poi.openxml4j.opc.PackageRelationshipCollection Parsing relationship: /_rels/.rels
 14:58:52,410 [main] DEBUG  org.apache.poi.openxml4j.opc.PackageRelationshipCollection Parsing relationship: /xl/_rels/workbook.xml.rels
 14:58:52,412 [main] DEBUG  org.apache.poi.openxml4j.opc.PackageRelationshipCollection Parsing relationship: /xl/worksheets/_rels/sheet1.xml.rels
 14:58:52,414 [main] DEBUG  org.apache.poi.openxml4j.opc.PackageRelationshipCollection Parsing relationship: /_rels/.rels
 14:58:52,470 [main] DEBUG  org.apache.poi.openxml4j.opc.PackageRelationshipCollection Parsing relationship: /xl/_rels/workbook.xml.rels
 14:58:52,473 [main] DEBUG  org.apache.poi.openxml4j.opc.PackageRelationshipCollection Parsing relationship: /xl/worksheets/_rels/sheet1.xml.rels
 14:58:52,475 [main] DEBUG  org.apache.poi.openxml4j.opc.PackageRelationshipCollection Parsing relationship: /_rels/.rels
 14:58:52,527 [main] DEBUG  org.apache.poi.openxml4j.opc.PackageRelationshipCollection Parsing relationship: /xl/_rels/workbook.xml.rels
 14:58:52,529 [main] DEBUG  org.apache.poi.openxml4j.opc.PackageRelationshipCollection Parsing relationship: /xl/worksheets/_rels/sheet1.xml.rels
 14:58:52,531 [main] DEBUG  org.apache.poi.openxml4j.opc.PackageRelationshipCollection Parsing relationship: /_rels/.rels
 14:58:52,578 [main] DEBUG  org.apache.poi.openxml4j.opc.PackageRelationshipCollection Parsing relationship: /xl/_rels/workbook.xml.rels
 14:58:52,580 [main] DEBUG  org.apache.poi.openxml4j.opc.PackageRelationshipCollection Parsing relationship: /xl/worksheets/_rels/sheet1.xml.rels
 14:58:52,583 [main] DEBUG  org.apache.poi.openxml4j.opc.PackageRelationshipCollection Parsing relationship: /_rels/.rels
 14:58:52,683 [main] DEBUG  org.apache.poi.openxml4j.opc.PackageRelationshipCollection Parsing relationship: /xl/_rels/workbook.xml.rels
 14:58:52,685 [main] DEBUG  org.apache.poi.openxml4j.opc.PackageRelationshipCollection Parsing relationship: /xl/worksheets/_rels/sheet1.xml.rels
 14:58:52,699 [main] DEBUG  org.apache.poi.openxml4j.opc.PackageRelationshipCollection Parsing relationship: /_rels/.rels
 14:58:52,897 [main] DEBUG  org.apache.poi.openxml4j.opc.PackageRelationshipCollection Parsing relationship: /xl/_rels/workbook.xml.rels
 14:58:52,899 [main] DEBUG  org.apache.poi.openxml4j.opc.PackageRelationshipCollection Parsing relationship: /xl/worksheets/_rels/sheet1.xml.rels
 14:58:52,903 [main] DEBUG  org.apache.poi.openxml4j.opc.PackageRelationshipCollection Parsing relationship: /_rels/.rels
 14:58:53,023 [main] DEBUG  org.apache.poi.openxml4j.opc.PackageRelationshipCollection Parsing relationship: /xl/_rels/workbook.xml.rels
 14:58:53,025 [main] DEBUG  org.apache.poi.openxml4j.opc.PackageRelationshipCollection Parsing relationship: /xl/worksheets/_rels/sheet1.xml.rels
 14:58:53,027 [main] DEBUG  org.apache.poi.openxml4j.opc.PackageRelationshipCollection Parsing relationship: /_rels/.rels
 14:58:53,069 [main] DEBUG  org.apache.poi.openxml4j.opc.PackageRelationshipCollection Parsing relationship: /xl/_rels/workbook.xml.rels
 14:58:53,082 [main] DEBUG  org.apache.poi.openxml4j.opc.PackageRelationshipCollection Parsing relationship: /xl/worksheets/_rels/sheet1.xml.rels
 14:58:53,084 [main] DEBUG  org.apache.poi.openxml4j.opc.PackageRelationshipCollection Parsing relationship: /_rels/.rels
 14:58:53,128 [main] DEBUG  org.apache.poi.openxml4j.opc.PackageRelationshipCollection Parsing relationship: /xl/_rels/workbook.xml.rels
 14:58:53,129 [main] DEBUG  org.apache.poi.openxml4j.opc.PackageRelationshipCollection Parsing relationship: /xl/worksheets/_rels/sheet1.xml.rels
 14:58:53,131 [main] DEBUG  org.apache.poi.openxml4j.opc.PackageRelationshipCollection Parsing relationship: /_rels/.rels
 14:58:53,172 [main] DEBUG  org.apache.poi.openxml4j.opc.PackageRelationshipCollection Parsing relationship: /xl/_rels/workbook.xml.rels
 14:58:53,173 [main] DEBUG  org.apache.poi.openxml4j.opc.PackageRelationshipCollection Parsing relationship: /xl/worksheets/_rels/sheet1.xml.rels
 14:58:53,175 [main] DEBUG  org.apache.poi.openxml4j.opc.PackageRelationshipCollection Parsing relationship: /_rels/.rels
 14:58:53,218 [main] DEBUG  org.apache.poi.openxml4j.opc.PackageRelationshipCollection Parsing relationship: /xl/_rels/workbook.xml.rels
 14:58:53,219 [main] DEBUG  org.apache.poi.openxml4j.opc.PackageRelationshipCollection Parsing relationship: /xl/worksheets/_rels/sheet1.xml.rels
 14:58:53,221 [main] DEBUG  org.apache.poi.openxml4j.opc.PackageRelationshipCollection Parsing relationship: /_rels/.rels
 14:58:53,263 [main] DEBUG  org.apache.poi.openxml4j.opc.PackageRelationshipCollection Parsing relationship: /xl/_rels/workbook.xml.rels
 14:58:53,265 [main] DEBUG  org.apache.poi.openxml4j.opc.PackageRelationshipCollection Parsing relationship: /xl/worksheets/_rels/sheet1.xml.rels
 14:58:53,267 [main] DEBUG  org.apache.poi.openxml4j.opc.PackageRelationshipCollection Parsing relationship: /_rels/.rels
 14:58:53,299 [main] DEBUG  org.apache.poi.openxml4j.opc.PackageRelationshipCollection Parsing relationship: /xl/_rels/workbook.xml.rels
 14:58:53,301 [main] DEBUG  org.apache.poi.openxml4j.opc.PackageRelationshipCollection Parsing relationship: /xl/worksheets/_rels/sheet1.xml.rels
 14:58:53,303 [main] DEBUG  org.apache.poi.openxml4j.opc.PackageRelationshipCollection Parsing relationship: /_rels/.rels
 14:58:53,338 [main] DEBUG  org.apache.poi.openxml4j.opc.PackageRelationshipCollection Parsing relationship: /xl/_rels/workbook.xml.rels
 14:58:53,340 [main] DEBUG  org.apache.poi.openxml4j.opc.PackageRelationshipCollection Parsing relationship: /xl/worksheets/_rels/sheet1.xml.rels
 14:58:53,342 [main] DEBUG  org.apache.poi.openxml4j.opc.PackageRelationshipCollection Parsing relationship: /_rels/.rels
 14:58:53,377 [main] DEBUG  org.apache.poi.openxml4j.opc.PackageRelationshipCollection Parsing relationship: /xl/_rels/workbook.xml.rels
 14:58:53,379 [main] DEBUG  org.apache.poi.openxml4j.opc.PackageRelationshipCollection Parsing relationship: /xl/worksheets/_rels/sheet1.xml.rels
 14:58:53,381 [main] DEBUG  org.apache.poi.openxml4j.opc.PackageRelationshipCollection Parsing relationship: /_rels/.rels
 14:58:53,417 [main] DEBUG  org.apache.poi.openxml4j.opc.PackageRelationshipCollection Parsing relationship: /xl/_rels/workbook.xml.rels
 14:58:53,419 [main] DEBUG  org.apache.poi.openxml4j.opc.PackageRelationshipCollection Parsing relationship: /xl/worksheets/_rels/sheet1.xml.rels
 14:58:53,420 [main] DEBUG  org.apache.poi.openxml4j.opc.PackageRelationshipCollection Parsing relationship: /_rels/.rels
 14:58:53,492 [main] DEBUG  org.apache.poi.openxml4j.opc.PackageRelationshipCollection Parsing relationship: /xl/_rels/workbook.xml.rels
 14:58:53,494 [main] DEBUG  org.apache.poi.openxml4j.opc.PackageRelationshipCollection Parsing relationship: /xl/worksheets/_rels/sheet1.xml.rels
 14:58:53,496 [main] DEBUG  org.apache.poi.openxml4j.opc.PackageRelationshipCollection Parsing relationship: /_rels/.rels
 14:58:54,076 [main] INFO   org.testng.internal.Utils [TestNG] Time taken by org.testng.reporters.jq.Main@1c025cb: 392 ms
 14:58:54,079 [main] INFO   org.testng.internal.Utils [TestNG] Time taken by org.testng.reporters.FailedReporter@50825a02: 2 ms
 14:58:54,100 [main] INFO   org.testng.internal.Utils [TestNG] Time taken by org.testng.reporters.XMLReporter@2687f956: 20 ms
 14:58:54,116 [main] INFO   org.testng.internal.Utils [TestNG] Time taken by org.testng.reporters.EmailableReporter2@2d195ee4: 15 ms
 14:58:54,128 [main] INFO   org.testng.internal.Utils [TestNG] Time taken by org.testng.reporters.JUnitReportReporter@6b1e7ad3: 12 ms
 14:58:54,128 [main] INFO   org.testng.internal.Utils [TestNG] Time taken by org.testng.internal.ExitCodeListener@63e5e5b4: 0 ms
 14:59:23,979 [main] DEBUG  org.testng.TestNG suiteXmlPath: "C:\Users\hp\AppData\Local\Temp\testng-eclipse-1670038077\testng-customsuite.xml"
 14:59:24,436 [main] INFO   org.testng.internal.Utils [Utils] MethodGroupsHelper.collectMethodsByGroup() took 0 ms.
 14:59:24,443 [main] INFO   org.testng.internal.Utils [Utils] MethodGroupsHelper.sortMethods() took 4 ms.
 14:59:24,445 [main] INFO   org.testng.internal.Utils [Utils] MethodGroupsHelper.collectMethodsByGroup() took 0 ms.
 14:59:24,446 [main] INFO   org.testng.internal.Utils [Utils] MethodGroupsHelper.sortMethods() took 0 ms.
 14:59:24,446 [main] INFO   org.testng.internal.Utils [Utils] MethodGroupsHelper.collectMethodsByGroup() took 0 ms.
 14:59:24,447 [main] INFO   org.testng.internal.Utils [Utils] MethodGroupsHelper.sortMethods() took 0 ms.
 14:59:24,447 [main] INFO   org.testng.internal.Utils [Utils] MethodGroupsHelper.collectMethodsByGroup() took 0 ms.
 14:59:24,448 [main] INFO   org.testng.internal.Utils [Utils] MethodGroupsHelper.sortMethods() took 0 ms.
 14:59:24,448 [main] INFO   org.testng.internal.Utils [Utils] MethodGroupsHelper.collectMethodsByGroup() took 0 ms.
 14:59:24,448 [main] INFO   org.testng.internal.Utils [Utils] MethodGroupsHelper.sortMethods() took 0 ms.
 14:59:24,449 [main] INFO   org.testng.internal.Utils [Utils] MethodGroupsHelper.collectMethodsByGroup() took 0 ms.
 14:59:24,449 [main] INFO   org.testng.internal.Utils [Utils] MethodGroupsHelper.sortMethods() took 0 ms.
 14:59:24,450 [main] INFO   org.testng.internal.Utils [Utils] MethodGroupsHelper.collectMethodsByGroup() took 0 ms.
 14:59:24,450 [main] INFO   org.testng.internal.Utils [Utils] MethodGroupsHelper.sortMethods() took 0 ms.
 14:59:24,450 [main] INFO   org.testng.internal.Utils [Utils] MethodGroupsHelper.collectMethodsByGroup() took 0 ms.
 14:59:24,450 [main] INFO   org.testng.internal.Utils [Utils] MethodGroupsHelper.sortMethods() took 0 ms.
 14:59:24,456 [main] INFO   org.testng.internal.Utils [Utils] MethodGroupsHelper.collectMethodsByGroup() took 0 ms.
 14:59:24,457 [main] INFO   org.testng.internal.Utils [Utils] MethodGroupsHelper.sortMethods() took 0 ms.
 14:59:24,457 [main] INFO   org.testng.internal.Utils [Utils] MethodGroupsHelper.collectMethodsByGroup() took 0 ms.
 14:59:24,458 [main] INFO   org.testng.internal.Utils [Utils] MethodGroupsHelper.sortMethods() took 0 ms.
 14:59:24,465 [main] INFO   org.testng.internal.Utils [Utils] MethodGroupsHelper.collectMethodsByGroup() took 0 ms.
 14:59:24,465 [main] INFO   org.testng.internal.Utils [Utils] MethodGroupsHelper.sortMethods() took 0 ms.
 14:59:24,466 [main] INFO   org.testng.internal.Utils [Utils] MethodGroupsHelper.collectMethodsByGroup() took 0 ms.
 14:59:24,466 [main] INFO   org.testng.internal.Utils [Utils] MethodGroupsHelper.sortMethods() took 0 ms.
 14:59:24,481 [main] INFO   org.testng.internal.Utils [Utils] MethodGroupsHelper.collectMethodsByGroup() took 13 ms.
 14:59:24,493 [main] INFO   org.testng.internal.Utils [Utils] MethodGroupsHelper.sortMethods() took 11 ms.
 14:59:24,497 [main] INFO   org.testng.internal.Utils [Utils] MethodGroupsHelper.collectMethodsByGroup() took 0 ms.
 14:59:24,498 [main] INFO   org.testng.internal.Utils [Utils] MethodGroupsHelper.sortMethods() took 0 ms.
 14:59:24,498 [main] INFO   org.testng.internal.Utils [Utils] MethodGroupsHelper.collectMethodsByGroup() took 0 ms.
 14:59:24,498 [main] INFO   org.testng.internal.Utils [Utils] MethodGroupsHelper.sortMethods() took 0 ms.
 14:59:24,523 [main] INFO   org.testng.internal.Utils [TestNG] Running:
  C:\Users\hp\AppData\Local\Temp\testng-eclipse-1670038077\testng-customsuite.xml

 14:59:24,567 [main] INFO   org.testng.internal.Utils [Utils] DynamicGraphHelper.createDynamicGraph() took 10 ms.
 14:59:24,960 [main] DEBUG  org.apache.poi.openxml4j.opc.PackageRelationshipCollection Parsing relationship: /xl/_rels/workbook.xml.rels
 14:59:24,968 [main] DEBUG  org.apache.poi.openxml4j.opc.PackageRelationshipCollection Parsing relationship: /xl/worksheets/_rels/sheet1.xml.rels
 14:59:24,973 [main] DEBUG  org.apache.poi.openxml4j.opc.PackageRelationshipCollection Parsing relationship: /_rels/.rels
 14:59:26,275 [main] DEBUG  org.apache.poi.openxml4j.opc.PackageRelationshipCollection Parsing relationship: /xl/_rels/workbook.xml.rels
 14:59:26,278 [main] DEBUG  org.apache.poi.openxml4j.opc.PackageRelationshipCollection Parsing relationship: /xl/worksheets/_rels/sheet1.xml.rels
 14:59:26,281 [main] DEBUG  org.apache.poi.openxml4j.opc.PackageRelationshipCollection Parsing relationship: /_rels/.rels
 14:59:26,359 [main] DEBUG  org.apache.poi.openxml4j.opc.PackageRelationshipCollection Parsing relationship: /xl/_rels/workbook.xml.rels
 14:59:26,361 [main] DEBUG  org.apache.poi.openxml4j.opc.PackageRelationshipCollection Parsing relationship: /xl/worksheets/_rels/sheet1.xml.rels
 14:59:26,364 [main] DEBUG  org.apache.poi.openxml4j.opc.PackageRelationshipCollection Parsing relationship: /_rels/.rels
 14:59:26,442 [main] DEBUG  org.apache.poi.openxml4j.opc.PackageRelationshipCollection Parsing relationship: /xl/_rels/workbook.xml.rels
 14:59:26,445 [main] DEBUG  org.apache.poi.openxml4j.opc.PackageRelationshipCollection Parsing relationship: /xl/worksheets/_rels/sheet1.xml.rels
 14:59:26,447 [main] DEBUG  org.apache.poi.openxml4j.opc.PackageRelationshipCollection Parsing relationship: /_rels/.rels
 14:59:26,600 [main] DEBUG  org.apache.poi.openxml4j.opc.PackageRelationshipCollection Parsing relationship: /xl/_rels/workbook.xml.rels
 14:59:26,602 [main] DEBUG  org.apache.poi.openxml4j.opc.PackageRelationshipCollection Parsing relationship: /xl/worksheets/_rels/sheet1.xml.rels
 14:59:26,605 [main] DEBUG  org.apache.poi.openxml4j.opc.PackageRelationshipCollection Parsing relationship: /_rels/.rels
 14:59:26,660 [main] DEBUG  org.apache.poi.openxml4j.opc.PackageRelationshipCollection Parsing relationship: /xl/_rels/workbook.xml.rels
 14:59:26,663 [main] DEBUG  org.apache.poi.openxml4j.opc.PackageRelationshipCollection Parsing relationship: /xl/worksheets/_rels/sheet1.xml.rels
 14:59:26,665 [main] DEBUG  org.apache.poi.openxml4j.opc.PackageRelationshipCollection Parsing relationship: /_rels/.rels
 14:59:26,716 [main] DEBUG  org.apache.poi.openxml4j.opc.PackageRelationshipCollection Parsing relationship: /xl/_rels/workbook.xml.rels
 14:59:26,719 [main] DEBUG  org.apache.poi.openxml4j.opc.PackageRelationshipCollection Parsing relationship: /xl/worksheets/_rels/sheet1.xml.rels
 14:59:26,722 [main] DEBUG  org.apache.poi.openxml4j.opc.PackageRelationshipCollection Parsing relationship: /_rels/.rels
 14:59:26,780 [main] DEBUG  org.apache.poi.openxml4j.opc.PackageRelationshipCollection Parsing relationship: /xl/_rels/workbook.xml.rels
 14:59:26,782 [main] DEBUG  org.apache.poi.openxml4j.opc.PackageRelationshipCollection Parsing relationship: /xl/worksheets/_rels/sheet1.xml.rels
 14:59:26,785 [main] DEBUG  org.apache.poi.openxml4j.opc.PackageRelationshipCollection Parsing relationship: /_rels/.rels
 14:59:26,833 [main] DEBUG  org.apache.poi.openxml4j.opc.PackageRelationshipCollection Parsing relationship: /xl/_rels/workbook.xml.rels
 14:59:26,835 [main] DEBUG  org.apache.poi.openxml4j.opc.PackageRelationshipCollection Parsing relationship: /xl/worksheets/_rels/sheet1.xml.rels
 14:59:26,838 [main] DEBUG  org.apache.poi.openxml4j.opc.PackageRelationshipCollection Parsing relationship: /_rels/.rels
 14:59:26,888 [main] DEBUG  org.apache.poi.openxml4j.opc.PackageRelationshipCollection Parsing relationship: /xl/_rels/workbook.xml.rels
 14:59:26,890 [main] DEBUG  org.apache.poi.openxml4j.opc.PackageRelationshipCollection Parsing relationship: /xl/worksheets/_rels/sheet1.xml.rels
 14:59:26,892 [main] DEBUG  org.apache.poi.openxml4j.opc.PackageRelationshipCollection Parsing relationship: /_rels/.rels
 14:59:26,938 [main] DEBUG  org.apache.poi.openxml4j.opc.PackageRelationshipCollection Parsing relationship: /xl/_rels/workbook.xml.rels
 14:59:26,940 [main] DEBUG  org.apache.poi.openxml4j.opc.PackageRelationshipCollection Parsing relationship: /xl/worksheets/_rels/sheet1.xml.rels
 14:59:26,945 [main] DEBUG  org.apache.poi.openxml4j.opc.PackageRelationshipCollection Parsing relationship: /_rels/.rels
 14:59:27,007 [main] DEBUG  org.apache.poi.openxml4j.opc.PackageRelationshipCollection Parsing relationship: /xl/_rels/workbook.xml.rels
 14:59:27,010 [main] DEBUG  org.apache.poi.openxml4j.opc.PackageRelationshipCollection Parsing relationship: /xl/worksheets/_rels/sheet1.xml.rels
 14:59:27,011 [main] DEBUG  org.apache.poi.openxml4j.opc.PackageRelationshipCollection Parsing relationship: /_rels/.rels
 14:59:27,054 [main] DEBUG  org.apache.poi.openxml4j.opc.PackageRelationshipCollection Parsing relationship: /xl/_rels/workbook.xml.rels
 14:59:27,056 [main] DEBUG  org.apache.poi.openxml4j.opc.PackageRelationshipCollection Parsing relationship: /xl/worksheets/_rels/sheet1.xml.rels
 14:59:27,058 [main] DEBUG  org.apache.poi.openxml4j.opc.PackageRelationshipCollection Parsing relationship: /_rels/.rels
 14:59:27,100 [main] DEBUG  org.apache.poi.openxml4j.opc.PackageRelationshipCollection Parsing relationship: /xl/_rels/workbook.xml.rels
 14:59:27,102 [main] DEBUG  org.apache.poi.openxml4j.opc.PackageRelationshipCollection Parsing relationship: /xl/worksheets/_rels/sheet1.xml.rels
 14:59:27,103 [main] DEBUG  org.apache.poi.openxml4j.opc.PackageRelationshipCollection Parsing relationship: /_rels/.rels
 14:59:27,147 [main] DEBUG  org.apache.poi.openxml4j.opc.PackageRelationshipCollection Parsing relationship: /xl/_rels/workbook.xml.rels
 14:59:27,149 [main] DEBUG  org.apache.poi.openxml4j.opc.PackageRelationshipCollection Parsing relationship: /xl/worksheets/_rels/sheet1.xml.rels
 14:59:27,151 [main] DEBUG  org.apache.poi.openxml4j.opc.PackageRelationshipCollection Parsing relationship: /_rels/.rels
 14:59:27,197 [main] DEBUG  org.apache.poi.openxml4j.opc.PackageRelationshipCollection Parsing relationship: /xl/_rels/workbook.xml.rels
 14:59:27,199 [main] DEBUG  org.apache.poi.openxml4j.opc.PackageRelationshipCollection Parsing relationship: /xl/worksheets/_rels/sheet1.xml.rels
 14:59:27,201 [main] DEBUG  org.apache.poi.openxml4j.opc.PackageRelationshipCollection Parsing relationship: /_rels/.rels
 14:59:27,239 [main] DEBUG  org.apache.poi.openxml4j.opc.PackageRelationshipCollection Parsing relationship: /xl/_rels/workbook.xml.rels
 14:59:27,241 [main] DEBUG  org.apache.poi.openxml4j.opc.PackageRelationshipCollection Parsing relationship: /xl/worksheets/_rels/sheet1.xml.rels
 14:59:27,243 [main] DEBUG  org.apache.poi.openxml4j.opc.PackageRelationshipCollection Parsing relationship: /_rels/.rels
 14:59:27,294 [main] DEBUG  org.apache.poi.openxml4j.opc.PackageRelationshipCollection Parsing relationship: /xl/_rels/workbook.xml.rels
 14:59:27,296 [main] DEBUG  org.apache.poi.openxml4j.opc.PackageRelationshipCollection Parsing relationship: /xl/worksheets/_rels/sheet1.xml.rels
 14:59:27,297 [main] DEBUG  org.apache.poi.openxml4j.opc.PackageRelationshipCollection Parsing relationship: /_rels/.rels
 14:59:27,337 [main] DEBUG  org.apache.poi.openxml4j.opc.PackageRelationshipCollection Parsing relationship: /xl/_rels/workbook.xml.rels
 14:59:27,339 [main] DEBUG  org.apache.poi.openxml4j.opc.PackageRelationshipCollection Parsing relationship: /xl/worksheets/_rels/sheet1.xml.rels
 14:59:27,341 [main] DEBUG  org.apache.poi.openxml4j.opc.PackageRelationshipCollection Parsing relationship: /_rels/.rels
 14:59:27,379 [main] DEBUG  org.apache.poi.openxml4j.opc.PackageRelationshipCollection Parsing relationship: /xl/_rels/workbook.xml.rels
 14:59:27,381 [main] DEBUG  org.apache.poi.openxml4j.opc.PackageRelationshipCollection Parsing relationship: /xl/worksheets/_rels/sheet1.xml.rels
 14:59:27,382 [main] DEBUG  org.apache.poi.openxml4j.opc.PackageRelationshipCollection Parsing relationship: /_rels/.rels
 14:59:27,424 [main] DEBUG  org.apache.poi.openxml4j.opc.PackageRelationshipCollection Parsing relationship: /xl/_rels/workbook.xml.rels
 14:59:27,426 [main] DEBUG  org.apache.poi.openxml4j.opc.PackageRelationshipCollection Parsing relationship: /xl/worksheets/_rels/sheet1.xml.rels
 14:59:27,428 [main] DEBUG  org.apache.poi.openxml4j.opc.PackageRelationshipCollection Parsing relationship: /_rels/.rels
 14:59:27,528 [main] DEBUG  org.apache.poi.openxml4j.opc.PackageRelationshipCollection Parsing relationship: /xl/_rels/workbook.xml.rels
 14:59:27,531 [main] DEBUG  org.apache.poi.openxml4j.opc.PackageRelationshipCollection Parsing relationship: /xl/worksheets/_rels/sheet1.xml.rels
 14:59:27,532 [main] DEBUG  org.apache.poi.openxml4j.opc.PackageRelationshipCollection Parsing relationship: /_rels/.rels
 14:59:27,573 [main] DEBUG  org.apache.poi.openxml4j.opc.PackageRelationshipCollection Parsing relationship: /xl/_rels/workbook.xml.rels
 14:59:27,574 [main] DEBUG  org.apache.poi.openxml4j.opc.PackageRelationshipCollection Parsing relationship: /xl/worksheets/_rels/sheet1.xml.rels
 14:59:27,576 [main] DEBUG  org.apache.poi.openxml4j.opc.PackageRelationshipCollection Parsing relationship: /_rels/.rels
 14:59:27,615 [main] DEBUG  org.apache.poi.openxml4j.opc.PackageRelationshipCollection Parsing relationship: /xl/_rels/workbook.xml.rels
 14:59:27,617 [main] DEBUG  org.apache.poi.openxml4j.opc.PackageRelationshipCollection Parsing relationship: /xl/worksheets/_rels/sheet1.xml.rels
 14:59:27,619 [main] DEBUG  org.apache.poi.openxml4j.opc.PackageRelationshipCollection Parsing relationship: /_rels/.rels
 14:59:27,656 [main] DEBUG  org.apache.poi.openxml4j.opc.PackageRelationshipCollection Parsing relationship: /xl/_rels/workbook.xml.rels
 14:59:27,658 [main] DEBUG  org.apache.poi.openxml4j.opc.PackageRelationshipCollection Parsing relationship: /xl/worksheets/_rels/sheet1.xml.rels
 14:59:27,659 [main] DEBUG  org.apache.poi.openxml4j.opc.PackageRelationshipCollection Parsing relationship: /_rels/.rels
 14:59:27,696 [main] DEBUG  org.apache.poi.openxml4j.opc.PackageRelationshipCollection Parsing relationship: /xl/_rels/workbook.xml.rels
 14:59:27,698 [main] DEBUG  org.apache.poi.openxml4j.opc.PackageRelationshipCollection Parsing relationship: /xl/worksheets/_rels/sheet1.xml.rels
 14:59:27,700 [main] DEBUG  org.apache.poi.openxml4j.opc.PackageRelationshipCollection Parsing relationship: /_rels/.rels
 14:59:28,240 [main] INFO   org.testng.internal.Utils [TestNG] Time taken by org.testng.reporters.jq.Main@43cf6ea3: 384 ms
 14:59:28,243 [main] INFO   org.testng.internal.Utils [TestNG] Time taken by org.testng.reporters.FailedReporter@37c5fc56: 3 ms
 14:59:28,263 [main] INFO   org.testng.internal.Utils [TestNG] Time taken by org.testng.reporters.XMLReporter@9a7a808: 20 ms
 14:59:28,281 [main] INFO   org.testng.internal.Utils [TestNG] Time taken by org.testng.reporters.EmailableReporter2@62ddd21b: 18 ms
 14:59:28,299 [main] INFO   org.testng.internal.Utils [TestNG] Time taken by org.testng.reporters.JUnitReportReporter@48ea2003: 17 ms
 14:59:28,300 [main] INFO   org.testng.internal.Utils [TestNG] Time taken by org.testng.internal.ExitCodeListener@6b1e7ad3: 0 ms
 15:01:40,415 [main] DEBUG  org.testng.TestNG suiteXmlPath: "C:\Users\hp\Desktop\2024\opencart\master.xml"
 15:01:41,029 [main] INFO   org.testng.internal.Utils [TestNG] Running:
  C:\Users\hp\Desktop\2024\opencart\master.xml

 15:01:48,478 [main] DEBUG  org.apache.poi.openxml4j.opc.PackageRelationshipCollection Parsing relationship: /xl/_rels/workbook.xml.rels
 15:01:48,485 [main] DEBUG  org.apache.poi.openxml4j.opc.PackageRelationshipCollection Parsing relationship: /xl/worksheets/_rels/sheet1.xml.rels
 15:01:48,490 [main] DEBUG  org.apache.poi.openxml4j.opc.PackageRelationshipCollection Parsing relationship: /_rels/.rels
 15:01:50,976 [main] DEBUG  org.apache.poi.openxml4j.opc.PackageRelationshipCollection Parsing relationship: /xl/_rels/workbook.xml.rels
 15:01:50,979 [main] DEBUG  org.apache.poi.openxml4j.opc.PackageRelationshipCollection Parsing relationship: /xl/worksheets/_rels/sheet1.xml.rels
 15:01:50,985 [main] DEBUG  org.apache.poi.openxml4j.opc.PackageRelationshipCollection Parsing relationship: /_rels/.rels
 15:01:51,105 [main] DEBUG  org.apache.poi.openxml4j.opc.PackageRelationshipCollection Parsing relationship: /xl/_rels/workbook.xml.rels
 15:01:51,115 [main] DEBUG  org.apache.poi.openxml4j.opc.PackageRelationshipCollection Parsing relationship: /xl/worksheets/_rels/sheet1.xml.rels
 15:01:51,118 [main] DEBUG  org.apache.poi.openxml4j.opc.PackageRelationshipCollection Parsing relationship: /_rels/.rels
 15:01:51,275 [main] DEBUG  org.apache.poi.openxml4j.opc.PackageRelationshipCollection Parsing relationship: /xl/_rels/workbook.xml.rels
 15:01:51,278 [main] DEBUG  org.apache.poi.openxml4j.opc.PackageRelationshipCollection Parsing relationship: /xl/worksheets/_rels/sheet1.xml.rels
 15:01:51,292 [main] DEBUG  org.apache.poi.openxml4j.opc.PackageRelationshipCollection Parsing relationship: /_rels/.rels
 15:01:51,423 [main] DEBUG  org.apache.poi.openxml4j.opc.PackageRelationshipCollection Parsing relationship: /xl/_rels/workbook.xml.rels
 15:01:51,430 [main] DEBUG  org.apache.poi.openxml4j.opc.PackageRelationshipCollection Parsing relationship: /xl/worksheets/_rels/sheet1.xml.rels
 15:01:51,432 [main] DEBUG  org.apache.poi.openxml4j.opc.PackageRelationshipCollection Parsing relationship: /_rels/.rels
 15:01:51,544 [main] DEBUG  org.apache.poi.openxml4j.opc.PackageRelationshipCollection Parsing relationship: /xl/_rels/workbook.xml.rels
 15:01:51,550 [main] DEBUG  org.apache.poi.openxml4j.opc.PackageRelationshipCollection Parsing relationship: /xl/worksheets/_rels/sheet1.xml.rels
 15:01:51,554 [main] DEBUG  org.apache.poi.openxml4j.opc.PackageRelationshipCollection Parsing relationship: /_rels/.rels
 15:01:51,638 [main] DEBUG  org.apache.poi.openxml4j.opc.PackageRelationshipCollection Parsing relationship: /xl/_rels/workbook.xml.rels
 15:01:51,640 [main] DEBUG  org.apache.poi.openxml4j.opc.PackageRelationshipCollection Parsing relationship: /xl/worksheets/_rels/sheet1.xml.rels
 15:01:51,643 [main] DEBUG  org.apache.poi.openxml4j.opc.PackageRelationshipCollection Parsing relationship: /_rels/.rels
 15:01:51,738 [main] DEBUG  org.apache.poi.openxml4j.opc.PackageRelationshipCollection Parsing relationship: /xl/_rels/workbook.xml.rels
 15:01:51,740 [main] DEBUG  org.apache.poi.openxml4j.opc.PackageRelationshipCollection Parsing relationship: /xl/worksheets/_rels/sheet1.xml.rels
 15:01:51,742 [main] DEBUG  org.apache.poi.openxml4j.opc.PackageRelationshipCollection Parsing relationship: /_rels/.rels
 15:01:51,795 [main] DEBUG  org.apache.poi.openxml4j.opc.PackageRelationshipCollection Parsing relationship: /xl/_rels/workbook.xml.rels
 15:01:51,797 [main] DEBUG  org.apache.poi.openxml4j.opc.PackageRelationshipCollection Parsing relationship: /xl/worksheets/_rels/sheet1.xml.rels
 15:01:51,799 [main] DEBUG  org.apache.poi.openxml4j.opc.PackageRelationshipCollection Parsing relationship: /_rels/.rels
 15:01:51,843 [main] DEBUG  org.apache.poi.openxml4j.opc.PackageRelationshipCollection Parsing relationship: /xl/_rels/workbook.xml.rels
 15:01:51,845 [main] DEBUG  org.apache.poi.openxml4j.opc.PackageRelationshipCollection Parsing relationship: /xl/worksheets/_rels/sheet1.xml.rels
 15:01:51,848 [main] DEBUG  org.apache.poi.openxml4j.opc.PackageRelationshipCollection Parsing relationship: /_rels/.rels
 15:01:51,902 [main] DEBUG  org.apache.poi.openxml4j.opc.PackageRelationshipCollection Parsing relationship: /xl/_rels/workbook.xml.rels
 15:01:51,904 [main] DEBUG  org.apache.poi.openxml4j.opc.PackageRelationshipCollection Parsing relationship: /xl/worksheets/_rels/sheet1.xml.rels
 15:01:51,906 [main] DEBUG  org.apache.poi.openxml4j.opc.PackageRelationshipCollection Parsing relationship: /_rels/.rels
 15:01:51,950 [main] DEBUG  org.apache.poi.openxml4j.opc.PackageRelationshipCollection Parsing relationship: /xl/_rels/workbook.xml.rels
 15:01:51,952 [main] DEBUG  org.apache.poi.openxml4j.opc.PackageRelationshipCollection Parsing relationship: /xl/worksheets/_rels/sheet1.xml.rels
 15:01:51,954 [main] DEBUG  org.apache.poi.openxml4j.opc.PackageRelationshipCollection Parsing relationship: /_rels/.rels
 15:01:52,043 [main] DEBUG  org.apache.poi.openxml4j.opc.PackageRelationshipCollection Parsing relationship: /xl/_rels/workbook.xml.rels
 15:01:52,045 [main] DEBUG  org.apache.poi.openxml4j.opc.PackageRelationshipCollection Parsing relationship: /xl/worksheets/_rels/sheet1.xml.rels
 15:01:52,053 [main] DEBUG  org.apache.poi.openxml4j.opc.PackageRelationshipCollection Parsing relationship: /_rels/.rels
 15:01:52,098 [main] DEBUG  org.apache.poi.openxml4j.opc.PackageRelationshipCollection Parsing relationship: /xl/_rels/workbook.xml.rels
 15:01:52,101 [main] DEBUG  org.apache.poi.openxml4j.opc.PackageRelationshipCollection Parsing relationship: /xl/worksheets/_rels/sheet1.xml.rels
 15:01:52,103 [main] DEBUG  org.apache.poi.openxml4j.opc.PackageRelationshipCollection Parsing relationship: /_rels/.rels
 15:01:52,208 [main] DEBUG  org.apache.poi.openxml4j.opc.PackageRelationshipCollection Parsing relationship: /xl/_rels/workbook.xml.rels
 15:01:52,211 [main] DEBUG  org.apache.poi.openxml4j.opc.PackageRelationshipCollection Parsing relationship: /xl/worksheets/_rels/sheet1.xml.rels
 15:01:52,213 [main] DEBUG  org.apache.poi.openxml4j.opc.PackageRelationshipCollection Parsing relationship: /_rels/.rels
 15:01:52,370 [main] DEBUG  org.apache.poi.openxml4j.opc.PackageRelationshipCollection Parsing relationship: /xl/_rels/workbook.xml.rels
 15:01:52,372 [main] DEBUG  org.apache.poi.openxml4j.opc.PackageRelationshipCollection Parsing relationship: /xl/worksheets/_rels/sheet1.xml.rels
 15:01:52,374 [main] DEBUG  org.apache.poi.openxml4j.opc.PackageRelationshipCollection Parsing relationship: /_rels/.rels
 15:01:52,448 [main] DEBUG  org.apache.poi.openxml4j.opc.PackageRelationshipCollection Parsing relationship: /xl/_rels/workbook.xml.rels
 15:01:52,450 [main] DEBUG  org.apache.poi.openxml4j.opc.PackageRelationshipCollection Parsing relationship: /xl/worksheets/_rels/sheet1.xml.rels
 15:01:52,452 [main] DEBUG  org.apache.poi.openxml4j.opc.PackageRelationshipCollection Parsing relationship: /_rels/.rels
 15:01:52,552 [main] DEBUG  org.apache.poi.openxml4j.opc.PackageRelationshipCollection Parsing relationship: /xl/_rels/workbook.xml.rels
 15:01:52,555 [main] DEBUG  org.apache.poi.openxml4j.opc.PackageRelationshipCollection Parsing relationship: /xl/worksheets/_rels/sheet1.xml.rels
 15:01:52,557 [main] DEBUG  org.apache.poi.openxml4j.opc.PackageRelationshipCollection Parsing relationship: /_rels/.rels
 15:01:52,610 [main] DEBUG  org.apache.poi.openxml4j.opc.PackageRelationshipCollection Parsing relationship: /xl/_rels/workbook.xml.rels
 15:01:52,613 [main] DEBUG  org.apache.poi.openxml4j.opc.PackageRelationshipCollection Parsing relationship: /xl/worksheets/_rels/sheet1.xml.rels
 15:01:52,615 [main] DEBUG  org.apache.poi.openxml4j.opc.PackageRelationshipCollection Parsing relationship: /_rels/.rels
 15:01:52,685 [main] DEBUG  org.apache.poi.openxml4j.opc.PackageRelationshipCollection Parsing relationship: /xl/_rels/workbook.xml.rels
 15:01:52,687 [main] DEBUG  org.apache.poi.openxml4j.opc.PackageRelationshipCollection Parsing relationship: /xl/worksheets/_rels/sheet1.xml.rels
 15:01:52,689 [main] DEBUG  org.apache.poi.openxml4j.opc.PackageRelationshipCollection Parsing relationship: /_rels/.rels
 15:01:52,732 [main] DEBUG  org.apache.poi.openxml4j.opc.PackageRelationshipCollection Parsing relationship: /xl/_rels/workbook.xml.rels
 15:01:52,733 [main] DEBUG  org.apache.poi.openxml4j.opc.PackageRelationshipCollection Parsing relationship: /xl/worksheets/_rels/sheet1.xml.rels
 15:01:52,735 [main] DEBUG  org.apache.poi.openxml4j.opc.PackageRelationshipCollection Parsing relationship: /_rels/.rels
 15:01:52,777 [main] DEBUG  org.apache.poi.openxml4j.opc.PackageRelationshipCollection Parsing relationship: /xl/_rels/workbook.xml.rels
 15:01:52,779 [main] DEBUG  org.apache.poi.openxml4j.opc.PackageRelationshipCollection Parsing relationship: /xl/worksheets/_rels/sheet1.xml.rels
 15:01:52,781 [main] DEBUG  org.apache.poi.openxml4j.opc.PackageRelationshipCollection Parsing relationship: /_rels/.rels
 15:01:52,822 [main] DEBUG  org.apache.poi.openxml4j.opc.PackageRelationshipCollection Parsing relationship: /xl/_rels/workbook.xml.rels
 15:01:52,824 [main] DEBUG  org.apache.poi.openxml4j.opc.PackageRelationshipCollection Parsing relationship: /xl/worksheets/_rels/sheet1.xml.rels
 15:01:52,826 [main] DEBUG  org.apache.poi.openxml4j.opc.PackageRelationshipCollection Parsing relationship: /_rels/.rels
 15:01:52,866 [main] DEBUG  org.apache.poi.openxml4j.opc.PackageRelationshipCollection Parsing relationship: /xl/_rels/workbook.xml.rels
 15:01:52,868 [main] DEBUG  org.apache.poi.openxml4j.opc.PackageRelationshipCollection Parsing relationship: /xl/worksheets/_rels/sheet1.xml.rels
 15:01:52,870 [main] DEBUG  org.apache.poi.openxml4j.opc.PackageRelationshipCollection Parsing relationship: /_rels/.rels
 15:01:52,907 [main] DEBUG  org.apache.poi.openxml4j.opc.PackageRelationshipCollection Parsing relationship: /xl/_rels/workbook.xml.rels
 15:01:52,909 [main] DEBUG  org.apache.poi.openxml4j.opc.PackageRelationshipCollection Parsing relationship: /xl/worksheets/_rels/sheet1.xml.rels
 15:01:52,912 [main] DEBUG  org.apache.poi.openxml4j.opc.PackageRelationshipCollection Parsing relationship: /_rels/.rels
 15:01:52,949 [main] DEBUG  org.apache.poi.openxml4j.opc.PackageRelationshipCollection Parsing relationship: /xl/_rels/workbook.xml.rels
 15:01:52,950 [main] DEBUG  org.apache.poi.openxml4j.opc.PackageRelationshipCollection Parsing relationship: /xl/worksheets/_rels/sheet1.xml.rels
 15:01:52,952 [main] DEBUG  org.apache.poi.openxml4j.opc.PackageRelationshipCollection Parsing relationship: /_rels/.rels
 15:08:08,592 [main] DEBUG  org.testng.TestNG suiteXmlPath: "C:\Users\hp\Desktop\2024\opencart\master.xml"
 15:08:09,185 [main] INFO   org.testng.internal.Utils [TestNG] Running:
  C:\Users\hp\Desktop\2024\opencart\master.xml

 15:08:14,365 [main] DEBUG  org.apache.poi.openxml4j.opc.PackageRelationshipCollection Parsing relationship: /xl/_rels/workbook.xml.rels
