 15:08:14,373 [main] DEBUG  org.apache.poi.openxml4j.opc.PackageRelationshipCollection Parsing relationship: /xl/worksheets/_rels/sheet1.xml.rels
 15:08:14,412 [main] DEBUG  org.apache.poi.openxml4j.opc.PackageRelationshipCollection Parsing relationship: /_rels/.rels
 15:08:16,331 [main] DEBUG  org.apache.poi.openxml4j.opc.PackageRelationshipCollection Parsing relationship: /xl/_rels/workbook.xml.rels
 15:08:16,333 [main] DEBUG  org.apache.poi.openxml4j.opc.PackageRelationshipCollection Parsing relationship: /xl/worksheets/_rels/sheet1.xml.rels
 15:08:16,336 [main] DEBUG  org.apache.poi.openxml4j.opc.PackageRelationshipCollection Parsing relationship: /_rels/.rels
 15:08:16,475 [main] DEBUG  org.apache.poi.openxml4j.opc.PackageRelationshipCollection Parsing relationship: /xl/_rels/workbook.xml.rels
 15:08:16,478 [main] DEBUG  org.apache.poi.openxml4j.opc.PackageRelationshipCollection Parsing relationship: /xl/worksheets/_rels/sheet1.xml.rels
 15:08:16,483 [main] DEBUG  org.apache.poi.openxml4j.opc.PackageRelationshipCollection Parsing relationship: /_rels/.rels
 15:08:16,618 [main] DEBUG  org.apache.poi.openxml4j.opc.PackageRelationshipCollection Parsing relationship: /xl/_rels/workbook.xml.rels
 15:08:16,621 [main] DEBUG  org.apache.poi.openxml4j.opc.PackageRelationshipCollection Parsing relationship: /xl/worksheets/_rels/sheet1.xml.rels
 15:08:16,624 [main] DEBUG  org.apache.poi.openxml4j.opc.PackageRelationshipCollection Parsing relationship: /_rels/.rels
 15:08:16,732 [main] DEBUG  org.apache.poi.openxml4j.opc.PackageRelationshipCollection Parsing relationship: /xl/_rels/workbook.xml.rels
 15:08:16,746 [main] DEBUG  org.apache.poi.openxml4j.opc.PackageRelationshipCollection Parsing relationship: /xl/worksheets/_rels/sheet1.xml.rels
 15:08:16,751 [main] DEBUG  org.apache.poi.openxml4j.opc.PackageRelationshipCollection Parsing relationship: /_rels/.rels
 15:08:16,934 [main] DEBUG  org.apache.poi.openxml4j.opc.PackageRelationshipCollection Parsing relationship: /xl/_rels/workbook.xml.rels
 15:08:16,939 [main] DEBUG  org.apache.poi.openxml4j.opc.PackageRelationshipCollection Parsing relationship: /xl/worksheets/_rels/sheet1.xml.rels
 15:08:16,954 [main] DEBUG  org.apache.poi.openxml4j.opc.PackageRelationshipCollection Parsing relationship: /_rels/.rels
 15:08:17,060 [main] DEBUG  org.apache.poi.openxml4j.opc.PackageRelationshipCollection Parsing relationship: /xl/_rels/workbook.xml.rels
 15:08:17,062 [main] DEBUG  org.apache.poi.openxml4j.opc.PackageRelationshipCollection Parsing relationship: /xl/worksheets/_rels/sheet1.xml.rels
 15:08:17,064 [main] DEBUG  org.apache.poi.openxml4j.opc.PackageRelationshipCollection Parsing relationship: /_rels/.rels
 15:08:17,136 [main] DEBUG  org.apache.poi.openxml4j.opc.PackageRelationshipCollection Parsing relationship: /xl/_rels/workbook.xml.rels
 15:08:17,139 [main] DEBUG  org.apache.poi.openxml4j.opc.PackageRelationshipCollection Parsing relationship: /xl/worksheets/_rels/sheet1.xml.rels
 15:08:17,141 [main] DEBUG  org.apache.poi.openxml4j.opc.PackageRelationshipCollection Parsing relationship: /_rels/.rels
 15:08:17,189 [main] DEBUG  org.apache.poi.openxml4j.opc.PackageRelationshipCollection Parsing relationship: /xl/_rels/workbook.xml.rels
 15:08:17,191 [main] DEBUG  org.apache.poi.openxml4j.opc.PackageRelationshipCollection Parsing relationship: /xl/worksheets/_rels/sheet1.xml.rels
 15:08:17,211 [main] DEBUG  org.apache.poi.openxml4j.opc.PackageRelationshipCollection Parsing relationship: /_rels/.rels
 15:08:17,322 [main] DEBUG  org.apache.poi.openxml4j.opc.PackageRelationshipCollection Parsing relationship: /xl/_rels/workbook.xml.rels
 15:08:17,324 [main] DEBUG  org.apache.poi.openxml4j.opc.PackageRelationshipCollection Parsing relationship: /xl/worksheets/_rels/sheet1.xml.rels
 15:08:17,327 [main] DEBUG  org.apache.poi.openxml4j.opc.PackageRelationshipCollection Parsing relationship: /_rels/.rels
 15:08:17,399 [main] DEBUG  org.apache.poi.openxml4j.opc.PackageRelationshipCollection Parsing relationship: /xl/_rels/workbook.xml.rels
 15:08:17,401 [main] DEBUG  org.apache.poi.openxml4j.opc.PackageRelationshipCollection Parsing relationship: /xl/worksheets/_rels/sheet1.xml.rels
 15:08:17,403 [main] DEBUG  org.apache.poi.openxml4j.opc.PackageRelationshipCollection Parsing relationship: /_rels/.rels
 15:08:17,450 [main] DEBUG  org.apache.poi.openxml4j.opc.PackageRelationshipCollection Parsing relationship: /xl/_rels/workbook.xml.rels
 15:08:17,452 [main] DEBUG  org.apache.poi.openxml4j.opc.PackageRelationshipCollection Parsing relationship: /xl/worksheets/_rels/sheet1.xml.rels
 15:08:17,454 [main] DEBUG  org.apache.poi.openxml4j.opc.PackageRelationshipCollection Parsing relationship: /_rels/.rels
 15:08:17,497 [main] DEBUG  org.apache.poi.openxml4j.opc.PackageRelationshipCollection Parsing relationship: /xl/_rels/workbook.xml.rels
 15:08:17,499 [main] DEBUG  org.apache.poi.openxml4j.opc.PackageRelationshipCollection Parsing relationship: /xl/worksheets/_rels/sheet1.xml.rels
 15:08:17,501 [main] DEBUG  org.apache.poi.openxml4j.opc.PackageRelationshipCollection Parsing relationship: /_rels/.rels
 15:08:17,545 [main] DEBUG  org.apache.poi.openxml4j.opc.PackageRelationshipCollection Parsing relationship: /xl/_rels/workbook.xml.rels
 15:08:17,546 [main] DEBUG  org.apache.poi.openxml4j.opc.PackageRelationshipCollection Parsing relationship: /xl/worksheets/_rels/sheet1.xml.rels
 15:08:17,548 [main] DEBUG  org.apache.poi.openxml4j.opc.PackageRelationshipCollection Parsing relationship: /_rels/.rels
 15:08:17,586 [main] DEBUG  org.apache.poi.openxml4j.opc.PackageRelationshipCollection Parsing relationship: /xl/_rels/workbook.xml.rels
 15:08:17,588 [main] DEBUG  org.apache.poi.openxml4j.opc.PackageRelationshipCollection Parsing relationship: /xl/worksheets/_rels/sheet1.xml.rels
 15:08:17,590 [main] DEBUG  org.apache.poi.openxml4j.opc.PackageRelationshipCollection Parsing relationship: /_rels/.rels
 15:08:17,631 [main] DEBUG  org.apache.poi.openxml4j.opc.PackageRelationshipCollection Parsing relationship: /xl/_rels/workbook.xml.rels
 15:08:17,633 [main] DEBUG  org.apache.poi.openxml4j.opc.PackageRelationshipCollection Parsing relationship: /xl/worksheets/_rels/sheet1.xml.rels
 15:08:17,635 [main] DEBUG  org.apache.poi.openxml4j.opc.PackageRelationshipCollection Parsing relationship: /_rels/.rels
 15:08:17,675 [main] DEBUG  org.apache.poi.openxml4j.opc.PackageRelationshipCollection Parsing relationship: /xl/_rels/workbook.xml.rels
 15:08:17,677 [main] DEBUG  org.apache.poi.openxml4j.opc.PackageRelationshipCollection Parsing relationship: /xl/worksheets/_rels/sheet1.xml.rels
 15:08:17,679 [main] DEBUG  org.apache.poi.openxml4j.opc.PackageRelationshipCollection Parsing relationship: /_rels/.rels
 15:08:17,718 [main] DEBUG  org.apache.poi.openxml4j.opc.PackageRelationshipCollection Parsing relationship: /xl/_rels/workbook.xml.rels
 15:08:17,720 [main] DEBUG  org.apache.poi.openxml4j.opc.PackageRelationshipCollection Parsing relationship: /xl/worksheets/_rels/sheet1.xml.rels
 15:08:17,722 [main] DEBUG  org.apache.poi.openxml4j.opc.PackageRelationshipCollection Parsing relationship: /_rels/.rels
 15:08:17,779 [main] DEBUG  org.apache.poi.openxml4j.opc.PackageRelationshipCollection Parsing relationship: /xl/_rels/workbook.xml.rels
 15:08:17,787 [main] DEBUG  org.apache.poi.openxml4j.opc.PackageRelationshipCollection Parsing relationship: /xl/worksheets/_rels/sheet1.xml.rels
 15:08:17,790 [main] DEBUG  org.apache.poi.openxml4j.opc.PackageRelationshipCollection Parsing relationship: /_rels/.rels
 15:08:17,837 [main] DEBUG  org.apache.poi.openxml4j.opc.PackageRelationshipCollection Parsing relationship: /xl/_rels/workbook.xml.rels
 15:08:17,839 [main] DEBUG  org.apache.poi.openxml4j.opc.PackageRelationshipCollection Parsing relationship: /xl/worksheets/_rels/sheet1.xml.rels
 15:08:17,840 [main] DEBUG  org.apache.poi.openxml4j.opc.PackageRelationshipCollection Parsing relationship: /_rels/.rels
 15:08:17,880 [main] DEBUG  org.apache.poi.openxml4j.opc.PackageRelationshipCollection Parsing relationship: /xl/_rels/workbook.xml.rels
 15:08:17,881 [main] DEBUG  org.apache.poi.openxml4j.opc.PackageRelationshipCollection Parsing relationship: /xl/worksheets/_rels/sheet1.xml.rels
 15:08:17,884 [main] DEBUG  org.apache.poi.openxml4j.opc.PackageRelationshipCollection Parsing relationship: /_rels/.rels
 15:08:17,926 [main] DEBUG  org.apache.poi.openxml4j.opc.PackageRelationshipCollection Parsing relationship: /xl/_rels/workbook.xml.rels
 15:08:17,927 [main] DEBUG  org.apache.poi.openxml4j.opc.PackageRelationshipCollection Parsing relationship: /xl/worksheets/_rels/sheet1.xml.rels
 15:08:17,929 [main] DEBUG  org.apache.poi.openxml4j.opc.PackageRelationshipCollection Parsing relationship: /_rels/.rels
 15:08:17,968 [main] DEBUG  org.apache.poi.openxml4j.opc.PackageRelationshipCollection Parsing relationship: /xl/_rels/workbook.xml.rels
 15:08:17,969 [main] DEBUG  org.apache.poi.openxml4j.opc.PackageRelationshipCollection Parsing relationship: /xl/worksheets/_rels/sheet1.xml.rels
 15:08:17,971 [main] DEBUG  org.apache.poi.openxml4j.opc.PackageRelationshipCollection Parsing relationship: /_rels/.rels
 15:08:18,007 [main] DEBUG  org.apache.poi.openxml4j.opc.PackageRelationshipCollection Parsing relationship: /xl/_rels/workbook.xml.rels
 15:08:18,009 [main] DEBUG  org.apache.poi.openxml4j.opc.PackageRelationshipCollection Parsing relationship: /xl/worksheets/_rels/sheet1.xml.rels
 15:08:18,011 [main] DEBUG  org.apache.poi.openxml4j.opc.PackageRelationshipCollection Parsing relationship: /_rels/.rels
 15:08:18,061 [main] DEBUG  org.apache.poi.openxml4j.opc.PackageRelationshipCollection Parsing relationship: /xl/_rels/workbook.xml.rels
 15:08:18,062 [main] DEBUG  org.apache.poi.openxml4j.opc.PackageRelationshipCollection Parsing relationship: /xl/worksheets/_rels/sheet1.xml.rels
 15:08:18,068 [main] DEBUG  org.apache.poi.openxml4j.opc.PackageRelationshipCollection Parsing relationship: /_rels/.rels
 15:08:18,132 [main] DEBUG  org.apache.poi.openxml4j.opc.PackageRelationshipCollection Parsing relationship: /xl/_rels/workbook.xml.rels
 15:08:18,134 [main] DEBUG  org.apache.poi.openxml4j.opc.PackageRelationshipCollection Parsing relationship: /xl/worksheets/_rels/sheet1.xml.rels
 15:08:18,135 [main] DEBUG  org.apache.poi.openxml4j.opc.PackageRelationshipCollection Parsing relationship: /_rels/.rels
 15:10:01,934 [main] DEBUG  org.testng.TestNG suiteXmlPath: "C:\Users\hp\AppData\Local\Temp\testng-eclipse--1288175267\testng-customsuite.xml"
 15:10:02,455 [main] INFO   org.testng.internal.Utils [Utils] MethodGroupsHelper.collectMethodsByGroup() took 0 ms.
 15:10:02,462 [main] INFO   org.testng.internal.Utils [Utils] MethodGroupsHelper.sortMethods() took 3 ms.
 15:10:02,466 [main] INFO   org.testng.internal.Utils [Utils] MethodGroupsHelper.collectMethodsByGroup() took 0 ms.
 15:10:02,466 [main] INFO   org.testng.internal.Utils [Utils] MethodGroupsHelper.sortMethods() took 0 ms.
 15:10:02,467 [main] INFO   org.testng.internal.Utils [Utils] MethodGroupsHelper.collectMethodsByGroup() took 0 ms.
 15:10:02,467 [main] INFO   org.testng.internal.Utils [Utils] MethodGroupsHelper.sortMethods() took 0 ms.
 15:10:02,468 [main] INFO   org.testng.internal.Utils [Utils] MethodGroupsHelper.collectMethodsByGroup() took 0 ms.
 15:10:02,468 [main] INFO   org.testng.internal.Utils [Utils] MethodGroupsHelper.sortMethods() took 0 ms.
 15:10:02,469 [main] INFO   org.testng.internal.Utils [Utils] MethodGroupsHelper.collectMethodsByGroup() took 0 ms.
 15:10:02,469 [main] INFO   org.testng.internal.Utils [Utils] MethodGroupsHelper.sortMethods() took 0 ms.
 15:10:02,470 [main] INFO   org.testng.internal.Utils [Utils] MethodGroupsHelper.collectMethodsByGroup() took 0 ms.
 15:10:02,470 [main] INFO   org.testng.internal.Utils [Utils] MethodGroupsHelper.sortMethods() took 0 ms.
 15:10:02,471 [main] INFO   org.testng.internal.Utils [Utils] MethodGroupsHelper.collectMethodsByGroup() took 0 ms.
 15:10:02,471 [main] INFO   org.testng.internal.Utils [Utils] MethodGroupsHelper.sortMethods() took 0 ms.
 15:10:02,471 [main] INFO   org.testng.internal.Utils [Utils] MethodGroupsHelper.collectMethodsByGroup() took 0 ms.
 15:10:02,472 [main] INFO   org.testng.internal.Utils [Utils] MethodGroupsHelper.sortMethods() took 0 ms.
 15:10:02,477 [main] INFO   org.testng.internal.Utils [Utils] MethodGroupsHelper.collectMethodsByGroup() took 0 ms.
 15:10:02,478 [main] INFO   org.testng.internal.Utils [Utils] MethodGroupsHelper.sortMethods() took 0 ms.
 15:10:02,478 [main] INFO   org.testng.internal.Utils [Utils] MethodGroupsHelper.collectMethodsByGroup() took 0 ms.
 15:10:02,478 [main] INFO   org.testng.internal.Utils [Utils] MethodGroupsHelper.sortMethods() took 0 ms.
 15:10:02,485 [main] INFO   org.testng.internal.Utils [Utils] MethodGroupsHelper.collectMethodsByGroup() took 0 ms.
 15:10:02,485 [main] INFO   org.testng.internal.Utils [Utils] MethodGroupsHelper.sortMethods() took 0 ms.
 15:10:02,486 [main] INFO   org.testng.internal.Utils [Utils] MethodGroupsHelper.collectMethodsByGroup() took 0 ms.
 15:10:02,486 [main] INFO   org.testng.internal.Utils [Utils] MethodGroupsHelper.sortMethods() took 0 ms.
 15:10:02,501 [main] INFO   org.testng.internal.Utils [Utils] MethodGroupsHelper.collectMethodsByGroup() took 12 ms.
 15:10:02,513 [main] INFO   org.testng.internal.Utils [Utils] MethodGroupsHelper.sortMethods() took 11 ms.
 15:10:02,515 [main] INFO   org.testng.internal.Utils [Utils] MethodGroupsHelper.collectMethodsByGroup() took 0 ms.
 15:10:02,516 [main] INFO   org.testng.internal.Utils [Utils] MethodGroupsHelper.sortMethods() took 0 ms.
 15:10:02,516 [main] INFO   org.testng.internal.Utils [Utils] MethodGroupsHelper.collectMethodsByGroup() took 0 ms.
 15:10:02,516 [main] INFO   org.testng.internal.Utils [Utils] MethodGroupsHelper.sortMethods() took 0 ms.
 15:10:02,535 [main] INFO   org.testng.internal.Utils [TestNG] Running:
  C:\Users\hp\AppData\Local\Temp\testng-eclipse--1288175267\testng-customsuite.xml

 15:10:02,579 [main] INFO   org.testng.internal.Utils [Utils] DynamicGraphHelper.createDynamicGraph() took 8 ms.
 15:10:03,025 [main] DEBUG  org.apache.poi.openxml4j.opc.PackageRelationshipCollection Parsing relationship: /xl/_rels/workbook.xml.rels
 15:10:03,032 [main] DEBUG  org.apache.poi.openxml4j.opc.PackageRelationshipCollection Parsing relationship: /xl/worksheets/_rels/sheet1.xml.rels
 15:10:03,036 [main] DEBUG  org.apache.poi.openxml4j.opc.PackageRelationshipCollection Parsing relationship: /_rels/.rels
 15:10:04,115 [main] DEBUG  org.apache.poi.openxml4j.opc.PackageRelationshipCollection Parsing relationship: /xl/_rels/workbook.xml.rels
 15:10:04,118 [main] DEBUG  org.apache.poi.openxml4j.opc.PackageRelationshipCollection Parsing relationship: /xl/worksheets/_rels/sheet1.xml.rels
 15:10:04,121 [main] DEBUG  org.apache.poi.openxml4j.opc.PackageRelationshipCollection Parsing relationship: /_rels/.rels
 15:10:04,195 [main] DEBUG  org.apache.poi.openxml4j.opc.PackageRelationshipCollection Parsing relationship: /xl/_rels/workbook.xml.rels
 15:10:04,198 [main] DEBUG  org.apache.poi.openxml4j.opc.PackageRelationshipCollection Parsing relationship: /xl/worksheets/_rels/sheet1.xml.rels
 15:10:04,202 [main] DEBUG  org.apache.poi.openxml4j.opc.PackageRelationshipCollection Parsing relationship: /_rels/.rels
 15:10:04,275 [main] DEBUG  org.apache.poi.openxml4j.opc.PackageRelationshipCollection Parsing relationship: /xl/_rels/workbook.xml.rels
 15:10:04,277 [main] DEBUG  org.apache.poi.openxml4j.opc.PackageRelationshipCollection Parsing relationship: /xl/worksheets/_rels/sheet1.xml.rels
 15:10:04,280 [main] DEBUG  org.apache.poi.openxml4j.opc.PackageRelationshipCollection Parsing relationship: /_rels/.rels
 15:10:04,374 [main] DEBUG  org.apache.poi.openxml4j.opc.PackageRelationshipCollection Parsing relationship: /xl/_rels/workbook.xml.rels
 15:10:04,376 [main] DEBUG  org.apache.poi.openxml4j.opc.PackageRelationshipCollection Parsing relationship: /xl/worksheets/_rels/sheet1.xml.rels
 15:10:04,379 [main] DEBUG  org.apache.poi.openxml4j.opc.PackageRelationshipCollection Parsing relationship: /_rels/.rels
 15:10:04,439 [main] DEBUG  org.apache.poi.openxml4j.opc.PackageRelationshipCollection Parsing relationship: /xl/_rels/workbook.xml.rels
 15:10:04,442 [main] DEBUG  org.apache.poi.openxml4j.opc.PackageRelationshipCollection Parsing relationship: /xl/worksheets/_rels/sheet1.xml.rels
 15:10:04,444 [main] DEBUG  org.apache.poi.openxml4j.opc.PackageRelationshipCollection Parsing relationship: /_rels/.rels
 15:10:04,514 [main] DEBUG  org.apache.poi.openxml4j.opc.PackageRelationshipCollection Parsing relationship: /xl/_rels/workbook.xml.rels
 15:10:04,516 [main] DEBUG  org.apache.poi.openxml4j.opc.PackageRelationshipCollection Parsing relationship: /xl/worksheets/_rels/sheet1.xml.rels
 15:10:04,519 [main] DEBUG  org.apache.poi.openxml4j.opc.PackageRelationshipCollection Parsing relationship: /_rels/.rels
 15:10:04,573 [main] DEBUG  org.apache.poi.openxml4j.opc.PackageRelationshipCollection Parsing relationship: /xl/_rels/workbook.xml.rels
 15:10:04,575 [main] DEBUG  org.apache.poi.openxml4j.opc.PackageRelationshipCollection Parsing relationship: /xl/worksheets/_rels/sheet1.xml.rels
 15:10:04,581 [main] DEBUG  org.apache.poi.openxml4j.opc.PackageRelationshipCollection Parsing relationship: /_rels/.rels
 15:10:04,660 [main] DEBUG  org.apache.poi.openxml4j.opc.PackageRelationshipCollection Parsing relationship: /xl/_rels/workbook.xml.rels
 15:10:04,662 [main] DEBUG  org.apache.poi.openxml4j.opc.PackageRelationshipCollection Parsing relationship: /xl/worksheets/_rels/sheet1.xml.rels
 15:10:04,664 [main] DEBUG  org.apache.poi.openxml4j.opc.PackageRelationshipCollection Parsing relationship: /_rels/.rels
 15:10:04,730 [main] DEBUG  org.apache.poi.openxml4j.opc.PackageRelationshipCollection Parsing relationship: /xl/_rels/workbook.xml.rels
 15:10:04,733 [main] DEBUG  org.apache.poi.openxml4j.opc.PackageRelationshipCollection Parsing relationship: /xl/worksheets/_rels/sheet1.xml.rels
 15:10:04,735 [main] DEBUG  org.apache.poi.openxml4j.opc.PackageRelationshipCollection Parsing relationship: /_rels/.rels
 15:10:04,825 [main] DEBUG  org.apache.poi.openxml4j.opc.PackageRelationshipCollection Parsing relationship: /xl/_rels/workbook.xml.rels
 15:10:04,827 [main] DEBUG  org.apache.poi.openxml4j.opc.PackageRelationshipCollection Parsing relationship: /xl/worksheets/_rels/sheet1.xml.rels
 15:10:04,831 [main] DEBUG  org.apache.poi.openxml4j.opc.PackageRelationshipCollection Parsing relationship: /_rels/.rels
 15:10:04,891 [main] DEBUG  org.apache.poi.openxml4j.opc.PackageRelationshipCollection Parsing relationship: /xl/_rels/workbook.xml.rels
 15:10:04,893 [main] DEBUG  org.apache.poi.openxml4j.opc.PackageRelationshipCollection Parsing relationship: /xl/worksheets/_rels/sheet1.xml.rels
 15:10:04,895 [main] DEBUG  org.apache.poi.openxml4j.opc.PackageRelationshipCollection Parsing relationship: /_rels/.rels
 15:10:05,086 [main] DEBUG  org.apache.poi.openxml4j.opc.PackageRelationshipCollection Parsing relationship: /xl/_rels/workbook.xml.rels
 15:10:05,088 [main] DEBUG  org.apache.poi.openxml4j.opc.PackageRelationshipCollection Parsing relationship: /xl/worksheets/_rels/sheet1.xml.rels
 15:10:05,090 [main] DEBUG  org.apache.poi.openxml4j.opc.PackageRelationshipCollection Parsing relationship: /_rels/.rels
 15:10:05,146 [main] DEBUG  org.apache.poi.openxml4j.opc.PackageRelationshipCollection Parsing relationship: /xl/_rels/workbook.xml.rels
 15:10:05,148 [main] DEBUG  org.apache.poi.openxml4j.opc.PackageRelationshipCollection Parsing relationship: /xl/worksheets/_rels/sheet1.xml.rels
 15:10:05,150 [main] DEBUG  org.apache.poi.openxml4j.opc.PackageRelationshipCollection Parsing relationship: /_rels/.rels
 15:10:05,261 [main] DEBUG  org.apache.poi.openxml4j.opc.PackageRelationshipCollection Parsing relationship: /xl/_rels/workbook.xml.rels
 15:10:05,263 [main] DEBUG  org.apache.poi.openxml4j.opc.PackageRelationshipCollection Parsing relationship: /xl/worksheets/_rels/sheet1.xml.rels
 15:10:05,265 [main] DEBUG  org.apache.poi.openxml4j.opc.PackageRelationshipCollection Parsing relationship: /_rels/.rels
 15:10:05,309 [main] DEBUG  org.apache.poi.openxml4j.opc.PackageRelationshipCollection Parsing relationship: /xl/_rels/workbook.xml.rels
 15:10:05,311 [main] DEBUG  org.apache.poi.openxml4j.opc.PackageRelationshipCollection Parsing relationship: /xl/worksheets/_rels/sheet1.xml.rels
 15:10:05,313 [main] DEBUG  org.apache.poi.openxml4j.opc.PackageRelationshipCollection Parsing relationship: /_rels/.rels
 15:10:05,350 [main] DEBUG  org.apache.poi.openxml4j.opc.PackageRelationshipCollection Parsing relationship: /xl/_rels/workbook.xml.rels
 15:10:05,352 [main] DEBUG  org.apache.poi.openxml4j.opc.PackageRelationshipCollection Parsing relationship: /xl/worksheets/_rels/sheet1.xml.rels
 15:10:05,353 [main] DEBUG  org.apache.poi.openxml4j.opc.PackageRelationshipCollection Parsing relationship: /_rels/.rels
 15:10:05,411 [main] DEBUG  org.apache.poi.openxml4j.opc.PackageRelationshipCollection Parsing relationship: /xl/_rels/workbook.xml.rels
 15:10:05,413 [main] DEBUG  org.apache.poi.openxml4j.opc.PackageRelationshipCollection Parsing relationship: /xl/worksheets/_rels/sheet1.xml.rels
 15:10:05,415 [main] DEBUG  org.apache.poi.openxml4j.opc.PackageRelationshipCollection Parsing relationship: /_rels/.rels
 15:10:05,453 [main] DEBUG  org.apache.poi.openxml4j.opc.PackageRelationshipCollection Parsing relationship: /xl/_rels/workbook.xml.rels
 15:10:05,455 [main] DEBUG  org.apache.poi.openxml4j.opc.PackageRelationshipCollection Parsing relationship: /xl/worksheets/_rels/sheet1.xml.rels
 15:10:05,457 [main] DEBUG  org.apache.poi.openxml4j.opc.PackageRelationshipCollection Parsing relationship: /_rels/.rels
 15:10:05,494 [main] DEBUG  org.apache.poi.openxml4j.opc.PackageRelationshipCollection Parsing relationship: /xl/_rels/workbook.xml.rels
 15:10:05,496 [main] DEBUG  org.apache.poi.openxml4j.opc.PackageRelationshipCollection Parsing relationship: /xl/worksheets/_rels/sheet1.xml.rels
 15:10:05,498 [main] DEBUG  org.apache.poi.openxml4j.opc.PackageRelationshipCollection Parsing relationship: /_rels/.rels
 15:10:05,539 [main] DEBUG  org.apache.poi.openxml4j.opc.PackageRelationshipCollection Parsing relationship: /xl/_rels/workbook.xml.rels
 15:10:05,541 [main] DEBUG  org.apache.poi.openxml4j.opc.PackageRelationshipCollection Parsing relationship: /xl/worksheets/_rels/sheet1.xml.rels
 15:10:05,543 [main] DEBUG  org.apache.poi.openxml4j.opc.PackageRelationshipCollection Parsing relationship: /_rels/.rels
 15:10:05,577 [main] DEBUG  org.apache.poi.openxml4j.opc.PackageRelationshipCollection Parsing relationship: /xl/_rels/workbook.xml.rels
 15:10:05,579 [main] DEBUG  org.apache.poi.openxml4j.opc.PackageRelationshipCollection Parsing relationship: /xl/worksheets/_rels/sheet1.xml.rels
 15:10:05,580 [main] DEBUG  org.apache.poi.openxml4j.opc.PackageRelationshipCollection Parsing relationship: /_rels/.rels
 15:10:05,619 [main] DEBUG  org.apache.poi.openxml4j.opc.PackageRelationshipCollection Parsing relationship: /xl/_rels/workbook.xml.rels
 15:10:05,620 [main] DEBUG  org.apache.poi.openxml4j.opc.PackageRelationshipCollection Parsing relationship: /xl/worksheets/_rels/sheet1.xml.rels
 15:10:05,622 [main] DEBUG  org.apache.poi.openxml4j.opc.PackageRelationshipCollection Parsing relationship: /_rels/.rels
 15:10:05,657 [main] DEBUG  org.apache.poi.openxml4j.opc.PackageRelationshipCollection Parsing relationship: /xl/_rels/workbook.xml.rels
 15:10:05,660 [main] DEBUG  org.apache.poi.openxml4j.opc.PackageRelationshipCollection Parsing relationship: /xl/worksheets/_rels/sheet1.xml.rels
 15:10:05,662 [main] DEBUG  org.apache.poi.openxml4j.opc.PackageRelationshipCollection Parsing relationship: /_rels/.rels
 15:10:05,700 [main] DEBUG  org.apache.poi.openxml4j.opc.PackageRelationshipCollection Parsing relationship: /xl/_rels/workbook.xml.rels
 15:10:05,702 [main] DEBUG  org.apache.poi.openxml4j.opc.PackageRelationshipCollection Parsing relationship: /xl/worksheets/_rels/sheet1.xml.rels
 15:10:05,704 [main] DEBUG  org.apache.poi.openxml4j.opc.PackageRelationshipCollection Parsing relationship: /_rels/.rels
 15:10:05,738 [main] DEBUG  org.apache.poi.openxml4j.opc.PackageRelationshipCollection Parsing relationship: /xl/_rels/workbook.xml.rels
 15:10:05,740 [main] DEBUG  org.apache.poi.openxml4j.opc.PackageRelationshipCollection Parsing relationship: /xl/worksheets/_rels/sheet1.xml.rels
 15:10:05,742 [main] DEBUG  org.apache.poi.openxml4j.opc.PackageRelationshipCollection Parsing relationship: /_rels/.rels
 15:10:06,281 [main] INFO   org.testng.internal.Utils [TestNG] Time taken by org.testng.reporters.jq.Main@1ddd3478: 377 ms
 15:10:06,284 [main] INFO   org.testng.internal.Utils [TestNG] Time taken by org.testng.reporters.FailedReporter@f973499: 2 ms
 15:10:06,300 [main] INFO   org.testng.internal.Utils [TestNG] Time taken by org.testng.reporters.XMLReporter@ff6077: 16 ms
 15:10:06,314 [main] INFO   org.testng.internal.Utils [TestNG] Time taken by org.testng.reporters.EmailableReporter2@245a060f: 14 ms
 15:10:06,328 [main] INFO   org.testng.internal.Utils [TestNG] Time taken by org.testng.reporters.JUnitReportReporter@29314cc9: 14 ms
 15:10:06,329 [main] INFO   org.testng.internal.Utils [TestNG] Time taken by org.testng.internal.ExitCodeListener@4e38d975: 0 ms
 15:14:59,969 [main] DEBUG  org.testng.TestNG suiteXmlPath: "C:\Users\hp\Desktop\2024\opencart\master.xml"
 15:15:00,645 [main] INFO   org.testng.internal.Utils [TestNG] Running:
  C:\Users\hp\Desktop\2024\opencart\master.xml

 15:15:08,043 [main] DEBUG  org.apache.poi.openxml4j.opc.PackageRelationshipCollection Parsing relationship: /xl/_rels/workbook.xml.rels
 15:15:08,050 [main] DEBUG  org.apache.poi.openxml4j.opc.PackageRelationshipCollection Parsing relationship: /xl/worksheets/_rels/sheet1.xml.rels
 15:15:08,055 [main] DEBUG  org.apache.poi.openxml4j.opc.PackageRelationshipCollection Parsing relationship: /_rels/.rels
 15:15:11,014 [main] DEBUG  org.apache.poi.openxml4j.opc.PackageRelationshipCollection Parsing relationship: /xl/_rels/workbook.xml.rels
 15:15:11,017 [main] DEBUG  org.apache.poi.openxml4j.opc.PackageRelationshipCollection Parsing relationship: /xl/worksheets/_rels/sheet1.xml.rels
 15:15:11,019 [main] DEBUG  org.apache.poi.openxml4j.opc.PackageRelationshipCollection Parsing relationship: /_rels/.rels
 15:15:11,108 [main] DEBUG  org.apache.poi.openxml4j.opc.PackageRelationshipCollection Parsing relationship: /xl/_rels/workbook.xml.rels
 15:15:11,110 [main] DEBUG  org.apache.poi.openxml4j.opc.PackageRelationshipCollection Parsing relationship: /xl/worksheets/_rels/sheet1.xml.rels
 15:15:11,116 [main] DEBUG  org.apache.poi.openxml4j.opc.PackageRelationshipCollection Parsing relationship: /_rels/.rels
 15:15:11,197 [main] DEBUG  org.apache.poi.openxml4j.opc.PackageRelationshipCollection Parsing relationship: /xl/_rels/workbook.xml.rels
 15:15:11,200 [main] DEBUG  org.apache.poi.openxml4j.opc.PackageRelationshipCollection Parsing relationship: /xl/worksheets/_rels/sheet1.xml.rels
 15:15:11,203 [main] DEBUG  org.apache.poi.openxml4j.opc.PackageRelationshipCollection Parsing relationship: /_rels/.rels
 15:15:11,310 [main] DEBUG  org.apache.poi.openxml4j.opc.PackageRelationshipCollection Parsing relationship: /xl/_rels/workbook.xml.rels
 15:15:11,314 [main] DEBUG  org.apache.poi.openxml4j.opc.PackageRelationshipCollection Parsing relationship: /xl/worksheets/_rels/sheet1.xml.rels
 15:15:11,327 [main] DEBUG  org.apache.poi.openxml4j.opc.PackageRelationshipCollection Parsing relationship: /_rels/.rels
 15:15:11,392 [main] DEBUG  org.apache.poi.openxml4j.opc.PackageRelationshipCollection Parsing relationship: /xl/_rels/workbook.xml.rels
 15:15:11,394 [main] DEBUG  org.apache.poi.openxml4j.opc.PackageRelationshipCollection Parsing relationship: /xl/worksheets/_rels/sheet1.xml.rels
 15:15:11,397 [main] DEBUG  org.apache.poi.openxml4j.opc.PackageRelationshipCollection Parsing relationship: /_rels/.rels
 15:15:11,475 [main] DEBUG  org.apache.poi.openxml4j.opc.PackageRelationshipCollection Parsing relationship: /xl/_rels/workbook.xml.rels
 15:15:11,477 [main] DEBUG  org.apache.poi.openxml4j.opc.PackageRelationshipCollection Parsing relationship: /xl/worksheets/_rels/sheet1.xml.rels
 15:15:11,479 [main] DEBUG  org.apache.poi.openxml4j.opc.PackageRelationshipCollection Parsing relationship: /_rels/.rels
 15:15:11,531 [main] DEBUG  org.apache.poi.openxml4j.opc.PackageRelationshipCollection Parsing relationship: /xl/_rels/workbook.xml.rels
 15:15:11,534 [main] DEBUG  org.apache.poi.openxml4j.opc.PackageRelationshipCollection Parsing relationship: /xl/worksheets/_rels/sheet1.xml.rels
 15:15:11,536 [main] DEBUG  org.apache.poi.openxml4j.opc.PackageRelationshipCollection Parsing relationship: /_rels/.rels
 15:15:11,588 [main] DEBUG  org.apache.poi.openxml4j.opc.PackageRelationshipCollection Parsing relationship: /xl/_rels/workbook.xml.rels
 15:15:11,594 [main] DEBUG  org.apache.poi.openxml4j.opc.PackageRelationshipCollection Parsing relationship: /xl/worksheets/_rels/sheet1.xml.rels
 15:15:11,596 [main] DEBUG  org.apache.poi.openxml4j.opc.PackageRelationshipCollection Parsing relationship: /_rels/.rels
 15:15:11,644 [main] DEBUG  org.apache.poi.openxml4j.opc.PackageRelationshipCollection Parsing relationship: /xl/_rels/workbook.xml.rels
 15:15:11,646 [main] DEBUG  org.apache.poi.openxml4j.opc.PackageRelationshipCollection Parsing relationship: /xl/worksheets/_rels/sheet1.xml.rels
 15:15:11,648 [main] DEBUG  org.apache.poi.openxml4j.opc.PackageRelationshipCollection Parsing relationship: /_rels/.rels
 15:15:11,699 [main] DEBUG  org.apache.poi.openxml4j.opc.PackageRelationshipCollection Parsing relationship: /xl/_rels/workbook.xml.rels
 15:15:11,702 [main] DEBUG  org.apache.poi.openxml4j.opc.PackageRelationshipCollection Parsing relationship: /xl/worksheets/_rels/sheet1.xml.rels
 15:15:11,704 [main] DEBUG  org.apache.poi.openxml4j.opc.PackageRelationshipCollection Parsing relationship: /_rels/.rels
 15:15:11,753 [main] DEBUG  org.apache.poi.openxml4j.opc.PackageRelationshipCollection Parsing relationship: /xl/_rels/workbook.xml.rels
 15:15:11,755 [main] DEBUG  org.apache.poi.openxml4j.opc.PackageRelationshipCollection Parsing relationship: /xl/worksheets/_rels/sheet1.xml.rels
 15:15:11,757 [main] DEBUG  org.apache.poi.openxml4j.opc.PackageRelationshipCollection Parsing relationship: /_rels/.rels
 15:15:11,803 [main] DEBUG  org.apache.poi.openxml4j.opc.PackageRelationshipCollection Parsing relationship: /xl/_rels/workbook.xml.rels
 15:15:11,804 [main] DEBUG  org.apache.poi.openxml4j.opc.PackageRelationshipCollection Parsing relationship: /xl/worksheets/_rels/sheet1.xml.rels
 15:15:11,806 [main] DEBUG  org.apache.poi.openxml4j.opc.PackageRelationshipCollection Parsing relationship: /_rels/.rels
 15:15:11,853 [main] DEBUG  org.apache.poi.openxml4j.opc.PackageRelationshipCollection Parsing relationship: /xl/_rels/workbook.xml.rels
 15:15:11,855 [main] DEBUG  org.apache.poi.openxml4j.opc.PackageRelationshipCollection Parsing relationship: /xl/worksheets/_rels/sheet1.xml.rels
 15:15:11,857 [main] DEBUG  org.apache.poi.openxml4j.opc.PackageRelationshipCollection Parsing relationship: /_rels/.rels
 15:15:11,902 [main] DEBUG  org.apache.poi.openxml4j.opc.PackageRelationshipCollection Parsing relationship: /xl/_rels/workbook.xml.rels
 15:15:11,905 [main] DEBUG  org.apache.poi.openxml4j.opc.PackageRelationshipCollection Parsing relationship: /xl/worksheets/_rels/sheet1.xml.rels
 15:15:11,907 [main] DEBUG  org.apache.poi.openxml4j.opc.PackageRelationshipCollection Parsing relationship: /_rels/.rels
 15:15:11,952 [main] DEBUG  org.apache.poi.openxml4j.opc.PackageRelationshipCollection Parsing relationship: /xl/_rels/workbook.xml.rels
 15:15:11,954 [main] DEBUG  org.apache.poi.openxml4j.opc.PackageRelationshipCollection Parsing relationship: /xl/worksheets/_rels/sheet1.xml.rels
 15:15:11,956 [main] DEBUG  org.apache.poi.openxml4j.opc.PackageRelationshipCollection Parsing relationship: /_rels/.rels
 15:15:12,032 [main] DEBUG  org.apache.poi.openxml4j.opc.PackageRelationshipCollection Parsing relationship: /xl/_rels/workbook.xml.rels
 15:15:12,034 [main] DEBUG  org.apache.poi.openxml4j.opc.PackageRelationshipCollection Parsing relationship: /xl/worksheets/_rels/sheet1.xml.rels
 15:15:12,036 [main] DEBUG  org.apache.poi.openxml4j.opc.PackageRelationshipCollection Parsing relationship: /_rels/.rels
 15:15:12,080 [main] DEBUG  org.apache.poi.openxml4j.opc.PackageRelationshipCollection Parsing relationship: /xl/_rels/workbook.xml.rels
 15:15:12,082 [main] DEBUG  org.apache.poi.openxml4j.opc.PackageRelationshipCollection Parsing relationship: /xl/worksheets/_rels/sheet1.xml.rels
 15:15:12,084 [main] DEBUG  org.apache.poi.openxml4j.opc.PackageRelationshipCollection Parsing relationship: /_rels/.rels
 15:15:12,181 [main] DEBUG  org.apache.poi.openxml4j.opc.PackageRelationshipCollection Parsing relationship: /xl/_rels/workbook.xml.rels
 15:15:12,183 [main] DEBUG  org.apache.poi.openxml4j.opc.PackageRelationshipCollection Parsing relationship: /xl/worksheets/_rels/sheet1.xml.rels
 15:15:12,185 [main] DEBUG  org.apache.poi.openxml4j.opc.PackageRelationshipCollection Parsing relationship: /_rels/.rels
 15:15:12,251 [main] DEBUG  org.apache.poi.openxml4j.opc.PackageRelationshipCollection Parsing relationship: /xl/_rels/workbook.xml.rels
 15:15:12,254 [main] DEBUG  org.apache.poi.openxml4j.opc.PackageRelationshipCollection Parsing relationship: /xl/worksheets/_rels/sheet1.xml.rels
 15:15:12,256 [main] DEBUG  org.apache.poi.openxml4j.opc.PackageRelationshipCollection Parsing relationship: /_rels/.rels
 15:15:12,309 [main] DEBUG  org.apache.poi.openxml4j.opc.PackageRelationshipCollection Parsing relationship: /xl/_rels/workbook.xml.rels
 15:15:12,311 [main] DEBUG  org.apache.poi.openxml4j.opc.PackageRelationshipCollection Parsing relationship: /xl/worksheets/_rels/sheet1.xml.rels
 15:15:12,314 [main] DEBUG  org.apache.poi.openxml4j.opc.PackageRelationshipCollection Parsing relationship: /_rels/.rels
 15:15:12,376 [main] DEBUG  org.apache.poi.openxml4j.opc.PackageRelationshipCollection Parsing relationship: /xl/_rels/workbook.xml.rels
 15:15:12,378 [main] DEBUG  org.apache.poi.openxml4j.opc.PackageRelationshipCollection Parsing relationship: /xl/worksheets/_rels/sheet1.xml.rels
 15:15:12,380 [main] DEBUG  org.apache.poi.openxml4j.opc.PackageRelationshipCollection Parsing relationship: /_rels/.rels
 15:15:12,451 [main] DEBUG  org.apache.poi.openxml4j.opc.PackageRelationshipCollection Parsing relationship: /xl/_rels/workbook.xml.rels
 15:15:12,453 [main] DEBUG  org.apache.poi.openxml4j.opc.PackageRelationshipCollection Parsing relationship: /xl/worksheets/_rels/sheet1.xml.rels
 15:15:12,454 [main] DEBUG  org.apache.poi.openxml4j.opc.PackageRelationshipCollection Parsing relationship: /_rels/.rels
 15:15:12,517 [main] DEBUG  org.apache.poi.openxml4j.opc.PackageRelationshipCollection Parsing relationship: /xl/_rels/workbook.xml.rels
 15:15:12,520 [main] DEBUG  org.apache.poi.openxml4j.opc.PackageRelationshipCollection Parsing relationship: /xl/worksheets/_rels/sheet1.xml.rels
 15:15:12,522 [main] DEBUG  org.apache.poi.openxml4j.opc.PackageRelationshipCollection Parsing relationship: /_rels/.rels
 15:15:12,570 [main] DEBUG  org.apache.poi.openxml4j.opc.PackageRelationshipCollection Parsing relationship: /xl/_rels/workbook.xml.rels
 15:15:12,572 [main] DEBUG  org.apache.poi.openxml4j.opc.PackageRelationshipCollection Parsing relationship: /xl/worksheets/_rels/sheet1.xml.rels
 15:15:12,574 [main] DEBUG  org.apache.poi.openxml4j.opc.PackageRelationshipCollection Parsing relationship: /_rels/.rels
 15:15:12,618 [main] DEBUG  org.apache.poi.openxml4j.opc.PackageRelationshipCollection Parsing relationship: /xl/_rels/workbook.xml.rels
 15:15:12,620 [main] DEBUG  org.apache.poi.openxml4j.opc.PackageRelationshipCollection Parsing relationship: /xl/worksheets/_rels/sheet1.xml.rels
 15:15:12,622 [main] DEBUG  org.apache.poi.openxml4j.opc.PackageRelationshipCollection Parsing relationship: /_rels/.rels
 15:54:36,905 [main] DEBUG  org.testng.TestNG suiteXmlPath: "C:\Users\hp\Desktop\2024\opencart\grouping.xml"
 15:54:37,558 [main] INFO   org.testng.internal.Utils [TestNG] Running:
  C:\Users\hp\Desktop\2024\opencart\grouping.xml

 19:44:54,581 [main] DEBUG  org.testng.TestNG suiteXmlPath: "C:\Users\hp\Desktop\2024\opencart\grouping.xml"
 19:44:55,276 [main] INFO   org.testng.internal.Utils [TestNG] Running:
  C:\Users\hp\Desktop\2024\opencart\grouping.xml

 19:45:03,990 [main] INFO   testCases.TC001_AccountRegistrationTest *******Starting the test case*************
 19:45:05,926 [main] INFO   testCases.TC001_AccountRegistrationTest *******Feeding the data to test case*************
 11:10:19,632 [main] DEBUG  org.testng.TestNG suiteXmlPath: "C:\Users\hp\Desktop\2024\opencart\master.xml"
 11:10:20,380 [main] INFO   org.testng.internal.Utils [TestNG] Running:
  C:\Users\hp\Desktop\2024\opencart\master.xml

 11:11:55,601 [main] DEBUG  org.testng.TestNG suiteXmlPath: "C:\Users\hp\Desktop\2024\opencart\master.xml"
 11:11:56,247 [main] INFO   org.testng.internal.Utils [TestNG] Running:
  C:\Users\hp\Desktop\2024\opencart\master.xml

 11:17:03,967 [main] DEBUG  org.testng.TestNG suiteXmlPath: "C:\Users\hp\Desktop\2024\opencart\master.xml"
 11:17:04,618 [main] INFO   org.testng.internal.Utils [TestNG] Running:
  C:\Users\hp\Desktop\2024\opencart\master.xml

 11:22:15,848 [main] DEBUG  org.testng.TestNG suiteXmlPath: "C:\Users\hp\Desktop\2024\opencart\master.xml"
 11:22:16,479 [main] INFO   org.testng.internal.Utils [TestNG] Running:
  C:\Users\hp\Desktop\2024\opencart\master.xml

 11:24:22,446 [main] DEBUG  org.testng.TestNG suiteXmlPath: "C:\Users\hp\Desktop\2024\opencart\master.xml"
 11:24:23,063 [main] INFO   org.testng.internal.Utils [TestNG] Running:
  C:\Users\hp\Desktop\2024\opencart\master.xml

 11:27:21,427 [main] DEBUG  org.testng.TestNG suiteXmlPath: "C:\Users\hp\Desktop\2024\opencart\master.xml"
 11:27:22,058 [main] INFO   org.testng.internal.Utils [TestNG] Running:
  C:\Users\hp\Desktop\2024\opencart\master.xml

 11:31:05,600 [main] DEBUG  org.testng.TestNG suiteXmlPath: "C:\Users\hp\Desktop\2024\opencart\master.xml"
 11:31:06,265 [main] INFO   org.testng.internal.Utils [TestNG] Running:
  C:\Users\hp\Desktop\2024\opencart\master.xml

 11:31:12,347 [main] INFO   testCases.TC001_AccountRegistrationTest *******Starting the test case*************
 11:31:14,235 [main] INFO   testCases.TC001_AccountRegistrationTest *******Feeding the data to test case*************
 11:36:46,515 [main] DEBUG  org.testng.TestNG suiteXmlPath: "C:\Users\hp\Desktop\2024\opencart\grouping.xml"
 11:36:47,179 [main] INFO   org.testng.internal.Utils [TestNG] Running:
  C:\Users\hp\Desktop\2024\opencart\grouping.xml

 11:36:54,594 [main] INFO   testCases.TC001_AccountRegistrationTest *******Starting the test case*************
 11:36:56,462 [main] INFO   testCases.TC001_AccountRegistrationTest *******Feeding the data to test case*************
 11:49:26,068 [main] DEBUG  org.testng.TestNG suiteXmlPath: "C:\Users\hp\Desktop\2024\opencart\grouping.xml"
 11:49:26,818 [main] INFO   org.testng.internal.Utils [TestNG] Running:
  C:\Users\hp\Desktop\2024\opencart\grouping.xml

 11:49:33,280 [main] INFO   testCases.TC001_AccountRegistrationTest *******Starting the test case*************
 11:49:35,697 [main] INFO   testCases.TC001_AccountRegistrationTest *******Feeding the data to test case*************
 11:50:48,302 [main] DEBUG  org.testng.TestNG suiteXmlPath: "C:\Users\hp\Desktop\2024\opencart\grouping.xml"
 11:50:48,968 [main] INFO   org.testng.internal.Utils [TestNG] Running:
  C:\Users\hp\Desktop\2024\opencart\grouping.xml

 11:50:55,824 [main] INFO   testCases.TC001_AccountRegistrationTest *******Starting the test case*************
 11:50:57,998 [main] INFO   testCases.TC001_AccountRegistrationTest *******Feeding the data to test case*************
 11:57:00,230 [main] DEBUG  org.testng.TestNG suiteXmlPath: "C:\Users\hp\Desktop\2024\opencart\grouping.xml"
 11:57:00,917 [main] INFO   org.testng.internal.Utils [TestNG] Running:
  C:\Users\hp\Desktop\2024\opencart\grouping.xml

 11:57:07,797 [main] INFO   testCases.TC001_AccountRegistrationTest *******Starting the test case*************
 11:57:09,803 [main] INFO   testCases.TC001_AccountRegistrationTest *******Feeding the data to test case*************
 11:58:53,596 [main] DEBUG  org.testng.TestNG suiteXmlPath: "C:\Users\hp\Desktop\2024\opencart\grouping.xml"
 11:58:54,264 [main] INFO   org.testng.internal.Utils [TestNG] Running:
  C:\Users\hp\Desktop\2024\opencart\grouping.xml

 11:59:00,684 [main] INFO   testCases.TC001_AccountRegistrationTest *******Starting the test case*************
 11:59:02,211 [main] INFO   testCases.TC001_AccountRegistrationTest *******Feeding the data to test case*************
 11:59:41,712 [main] DEBUG  org.testng.TestNG suiteXmlPath: "C:\Users\hp\Desktop\2024\opencart\master.xml"
 11:59:42,365 [main] INFO   org.testng.internal.Utils [TestNG] Running:
  C:\Users\hp\Desktop\2024\opencart\master.xml

 11:59:47,832 [main] INFO   testCases.TC001_AccountRegistrationTest *******Starting the test case*************
 11:59:49,799 [main] INFO   testCases.TC001_AccountRegistrationTest *******Feeding the data to test case*************
 12:00:55,370 [main] DEBUG  org.testng.TestNG suiteXmlPath: "C:\Users\hp\Desktop\2024\opencart\master.xml"
 12:00:56,017 [main] INFO   org.testng.internal.Utils [TestNG] Running:
  C:\Users\hp\Desktop\2024\opencart\master.xml

 12:01:03,720 [main] INFO   testCases.TC001_AccountRegistrationTest *******Starting the test case*************
 12:01:05,692 [main] INFO   testCases.TC001_AccountRegistrationTest *******Feeding the data to test case*************
 12:06:16,196 [main] DEBUG  org.testng.TestNG suiteXmlPath: "C:\Users\hp\Desktop\2024\opencart\master.xml"
 12:06:16,889 [main] INFO   org.testng.internal.Utils [TestNG] Running:
  C:\Users\hp\Desktop\2024\opencart\master.xml

 12:06:23,922 [main] INFO   testCases.TC001_AccountRegistrationTest *******Starting the test case*************
 12:06:25,881 [main] INFO   testCases.TC001_AccountRegistrationTest *******Feeding the data to test case*************
 12:08:17,269 [main] DEBUG  org.testng.TestNG suiteXmlPath: "C:\Users\hp\Desktop\2024\opencart\master.xml"
 12:08:17,955 [main] INFO   org.testng.internal.Utils [TestNG] Running:
  C:\Users\hp\Desktop\2024\opencart\master.xml

 12:08:24,445 [main] INFO   testCases.TC001_AccountRegistrationTest *******Starting the test case*************
 12:08:26,259 [main] INFO   testCases.TC001_AccountRegistrationTest *******Feeding the data to test case*************
 12:11:48,777 [main] DEBUG  org.testng.TestNG suiteXmlPath: "C:\Users\hp\Desktop\2024\opencart\master.xml"
 12:11:49,437 [main] INFO   org.testng.internal.Utils [TestNG] Running:
  C:\Users\hp\Desktop\2024\opencart\master.xml

 12:11:56,285 [main] INFO   testCases.TC001_AccountRegistrationTest *******Starting the test case*************
 12:11:58,465 [main] INFO   testCases.TC001_AccountRegistrationTest *******Feeding the data to test case*************
 12:19:20,740 [main] DEBUG  org.testng.TestNG suiteXmlPath: "C:\Users\hp\Desktop\2024\opencart\master.xml"
 12:19:21,384 [main] INFO   org.testng.internal.Utils [TestNG] Running:
  C:\Users\hp\Desktop\2024\opencart\master.xml

 12:19:29,628 [main] INFO   testCases.TC001_AccountRegistrationTest *******Starting the test case*************
 12:19:32,157 [main] INFO   testCases.TC001_AccountRegistrationTest *******Feeding the data to test case*************
 12:25:41,702 [main] DEBUG  org.testng.TestNG suiteXmlPath: "C:\Users\hp\Desktop\2024\opencart\test-output\testng-failed.xml"
 12:25:42,332 [main] INFO   org.testng.internal.Utils [TestNG] Running:
  C:\Users\hp\Desktop\2024\opencart\test-output\testng-failed.xml

 15:06:59,310 [main] DEBUG  org.testng.TestNG suiteXmlPath: "C:\Users\hp\Desktop\2024\opencart\master.xml"
 15:07:00,487 [main] INFO   org.testng.internal.Utils [TestNG] Running:
  C:\Users\hp\Desktop\2024\opencart\master.xml

 15:23:15,073 [main] DEBUG  org.testng.TestNG suiteXmlPath: "C:\Users\hp\Desktop\2024\opencart\master.xml"
 15:23:15,822 [main] INFO   org.testng.internal.Utils [TestNG] Running:
  C:\Users\hp\Desktop\2024\opencart\master.xml

 15:30:50,708 [main] DEBUG  org.testng.TestNG suiteXmlPath: "C:\Users\hp\Desktop\2024\opencart\master.xml"
 15:30:51,759 [main] INFO   org.testng.internal.Utils [TestNG] Running:
  C:\Users\hp\Desktop\2024\opencart\master.xml

 15:31:53,469 [main] DEBUG  org.testng.TestNG suiteXmlPath: "C:\Users\hp\Desktop\2024\opencart\master.xml"
 15:31:54,127 [main] INFO   org.testng.internal.Utils [TestNG] Running:
  C:\Users\hp\Desktop\2024\opencart\master.xml

 15:32:04,491 [main] INFO   testCases.TC001_AccountRegistrationTest *******Starting the test case*************
 15:32:06,490 [main] INFO   testCases.TC001_AccountRegistrationTest *******Feeding the data to test case*************
 15:33:33,217 [main] DEBUG  org.testng.TestNG suiteXmlPath: "C:\Users\hp\Desktop\2024\opencart\master.xml"
 15:33:34,447 [main] INFO   org.testng.internal.Utils [TestNG] Running:
  C:\Users\hp\Desktop\2024\opencart\master.xml

 15:46:06,178 [main] DEBUG  org.testng.TestNG suiteXmlPath: "C:\Users\hp\Desktop\2024\opencart\master.xml"
 15:46:07,944 [main] INFO   org.testng.internal.Utils [TestNG] Running:
  C:\Users\hp\Desktop\2024\opencart\master.xml

 15:47:31,035 [main] DEBUG  org.testng.TestNG suiteXmlPath: "C:\Users\hp\Desktop\2024\opencart\master.xml"
 15:47:31,676 [main] INFO   org.testng.internal.Utils [TestNG] Running:
  C:\Users\hp\Desktop\2024\opencart\master.xml

 16:04:48,085 [main] DEBUG  org.testng.TestNG suiteXmlPath: "C:\Users\hp\Desktop\2024\opencart\master.xml"
 16:04:48,854 [main] INFO   org.testng.internal.Utils [TestNG] Running:
  C:\Users\hp\Desktop\2024\opencart\master.xml

 16:10:45,080 [main] DEBUG  org.testng.TestNG suiteXmlPath: "C:\Users\hp\Desktop\2024\opencart\master.xml"
 16:10:45,758 [main] INFO   org.testng.internal.Utils [TestNG] Running:
  C:\Users\hp\Desktop\2024\opencart\master.xml

 16:35:28,534 [main] DEBUG  org.testng.TestNG suiteXmlPath: "C:\Users\hp\Desktop\2024\opencart\master.xml"
 16:35:29,209 [main] INFO   org.testng.internal.Utils [TestNG] Running:
  C:\Users\hp\Desktop\2024\opencart\master.xml

 16:54:39,001 [main] DEBUG  org.testng.TestNG suiteXmlPath: "C:\Users\hp\Desktop\2024\opencart\master.xml"
 16:54:39,656 [main] INFO   org.testng.internal.Utils [TestNG] Running:
  C:\Users\hp\Desktop\2024\opencart\master.xml

 16:57:49,674 [main] DEBUG  org.testng.TestNG suiteXmlPath: "C:\Users\hp\Desktop\2024\opencart\master.xml"
 16:57:50,339 [main] INFO   org.testng.internal.Utils [TestNG] Running:
  C:\Users\hp\Desktop\2024\opencart\master.xml

 16:59:41,332 [main] DEBUG  org.testng.TestNG suiteXmlPath: "C:\Users\hp\Desktop\2024\opencart\master.xml"
 16:59:41,969 [main] INFO   org.testng.internal.Utils [TestNG] Running:
  C:\Users\hp\Desktop\2024\opencart\master.xml

 15:39:44,436 [main] DEBUG  org.testng.TestNG suiteXmlPath: "C:\Users\hp\Desktop\2024\opencart\master.xml"
 15:40:27,335 [main] DEBUG  org.testng.TestNG suiteXmlPath: "C:\Users\hp\Desktop\2024\opencart\master.xml"
 15:40:28,047 [main] INFO   org.testng.internal.Utils [TestNG] Running:
  C:\Users\hp\Desktop\2024\opencart\master.xml

 15:57:25,780 [main] DEBUG  org.testng.TestNG suiteXmlPath: "C:\Users\hp\Desktop\2024\opencart\master.xml"
 15:57:26,655 [main] INFO   org.testng.internal.Utils [TestNG] Running:
  C:\Users\hp\Desktop\2024\opencart\master.xml

 15:57:41,034 [main] INFO   testCases.TC001_AccountRegistrationTest *******Starting the test case*************
 15:57:43,050 [main] INFO   testCases.TC001_AccountRegistrationTest *******Feeding the data to test case*************
 15:58:59,818 [main] DEBUG  org.testng.TestNG suiteXmlPath: "C:\Users\hp\Desktop\2024\opencart\master.xml"
 15:59:09,696 [main] INFO   testCases.TC001_AccountRegistrationTest *******Starting the test case*************
 15:59:12,486 [main] INFO   testCases.TC001_AccountRegistrationTest *******Feeding the data to test case*************
 21:29:19,413 [main] DEBUG  org.testng.TestNG suiteXmlPath: "C:\Users\hp\Desktop\2024\opencart\master.xml"
 21:29:20,539 [main] INFO   org.testng.internal.Utils [TestNG] Running:
  C:\Users\hp\Desktop\2024\opencart\master.xml

 21:29:30,285 [main] INFO   testCases.TC001_AccountRegistrationTest *******Starting the test case*************
 21:29:33,694 [main] INFO   testCases.TC001_AccountRegistrationTest *******Feeding the data to test case*************
 22:08:36,271 [main] DEBUG  org.testng.TestNG suiteXmlPath: "C:\Users\hp\Desktop\2024\opencart\master.xml"
 22:08:39,989 [main] INFO   org.testng.internal.Utils [TestNG] Running:
  C:\Users\hp\Desktop\2024\opencart\master.xml

 22:09:03,314 [main] INFO   testCases.TC001_AccountRegistrationTest *******Starting the test case*************
 22:09:05,689 [main] INFO   testCases.TC001_AccountRegistrationTest *******Feeding the data to test case*************
 16:08:52,030 [main] DEBUG  org.testng.TestNG suiteXmlPath: "C:\Users\hp\Desktop\2024\opencart\master.xml"
 16:08:54,013 [main] INFO   org.testng.internal.Utils [TestNG] Running:
  C:\Users\hp\Desktop\2024\opencart\master.xml

 16:09:11,848 [main] INFO   testCases.TC001_AccountRegistrationTest *******Starting the test case*************
 16:09:14,574 [main] INFO   testCases.TC001_AccountRegistrationTest *******Feeding the data to test case*************
